E:\projects\sMule\srchybrid\\build\Release\id3lib100.lib
E:\PROJECTS\SMULE\SRCHYBRID\BUILD\RELEASE\ID3LIB100.LIB
E:\PROJECTS\SMULE\SRCHYBRID\BUILD\RELEASE\ID3LIB100\C_WRAPPER.OBJ
E:\projects\sMule\srchybrid\build\Release\id3lib100\cl.command.1.tlog
E:\projects\sMule\srchybrid\build\Release\id3lib100\CL.read.1.tlog
E:\projects\sMule\srchybrid\build\Release\id3lib100\CL.write.1.tlog
E:\PROJECTS\SMULE\SRCHYBRID\BUILD\RELEASE\ID3LIB100\FIELD.OBJ
E:\PROJECTS\SMULE\SRCHYBRID\BUILD\RELEASE\ID3LIB100\FIELD_BINARY.OBJ
E:\PROJECTS\SMULE\SRCHYBRID\BUILD\RELEASE\ID3LIB100\FIELD_INTEGER.OBJ
E:\PROJECTS\SMULE\SRCHYBRID\BUILD\RELEASE\ID3LIB100\FIELD_STRING_ASCII.OBJ
E:\PROJECTS\SMULE\SRCHYBRID\BUILD\RELEASE\ID3LIB100\FIELD_STRING_UNICODE.OBJ
E:\PROJECTS\SMULE\SRCHYBRID\BUILD\RELEASE\ID3LIB100\FRAME.OBJ
E:\PROJECTS\SMULE\SRCHYBRID\BUILD\RELEASE\ID3LIB100\FRAME_IMPL.OBJ
E:\PROJECTS\SMULE\SRCHYBRID\BUILD\RELEASE\ID3LIB100\FRAME_PARSE.OBJ
E:\PROJECTS\SMULE\SRCHYBRID\BUILD\RELEASE\ID3LIB100\FRAME_RENDER.OBJ
E:\PROJECTS\SMULE\SRCHYBRID\BUILD\RELEASE\ID3LIB100\GLOBALS.OBJ
E:\PROJECTS\SMULE\SRCHYBRID\BUILD\RELEASE\ID3LIB100\HEADER.OBJ
E:\PROJECTS\SMULE\SRCHYBRID\BUILD\RELEASE\ID3LIB100\HEADER_FRAME.OBJ
E:\PROJECTS\SMULE\SRCHYBRID\BUILD\RELEASE\ID3LIB100\HEADER_TAG.OBJ
E:\PROJECTS\SMULE\SRCHYBRID\BUILD\RELEASE\ID3LIB100\HELPERS.OBJ
E:\projects\sMule\srchybrid\build\Release\id3lib100\id3lib100.vcxprojResolveAssemblyReference.cache
E:\projects\sMule\srchybrid\build\Release\id3lib100\id3lib100.write.1.tlog
E:\PROJECTS\SMULE\SRCHYBRID\BUILD\RELEASE\ID3LIB100\IO.OBJ
E:\PROJECTS\SMULE\SRCHYBRID\BUILD\RELEASE\ID3LIB100\IO_DECORATORS.OBJ
E:\PROJECTS\SMULE\SRCHYBRID\BUILD\RELEASE\ID3LIB100\IO_HELPERS.OBJ
E:\projects\sMule\srchybrid\build\Release\id3lib100\lib.command.1.tlog
E:\projects\sMule\srchybrid\build\Release\id3lib100\Lib-link.read.1.tlog
E:\projects\sMule\srchybrid\build\Release\id3lib100\Lib-link.write.1.tlog
E:\PROJECTS\SMULE\SRCHYBRID\BUILD\RELEASE\ID3LIB100\MISC_SUPPORT.OBJ
E:\PROJECTS\SMULE\SRCHYBRID\BUILD\RELEASE\ID3LIB100\MP3_PARSE.OBJ
E:\PROJECTS\SMULE\SRCHYBRID\BUILD\RELEASE\ID3LIB100\READERS.OBJ
E:\PROJECTS\SMULE\SRCHYBRID\BUILD\RELEASE\ID3LIB100\SPEC.OBJ
E:\PROJECTS\SMULE\SRCHYBRID\BUILD\RELEASE\ID3LIB100\TAG.OBJ
E:\PROJECTS\SMULE\SRCHYBRID\BUILD\RELEASE\ID3LIB100\TAG_FILE.OBJ
E:\PROJECTS\SMULE\SRCHYBRID\BUILD\RELEASE\ID3LIB100\TAG_FIND.OBJ
E:\PROJECTS\SMULE\SRCHYBRID\BUILD\RELEASE\ID3LIB100\TAG_IMPL.OBJ
E:\PROJECTS\SMULE\SRCHYBRID\BUILD\RELEASE\ID3LIB100\TAG_PARSE.OBJ
E:\PROJECTS\SMULE\SRCHYBRID\BUILD\RELEASE\ID3LIB100\TAG_PARSE_LYRICS3.OBJ
E:\PROJECTS\SMULE\SRCHYBRID\BUILD\RELEASE\ID3LIB100\TAG_PARSE_MUSICMATCH.OBJ
E:\PROJECTS\SMULE\SRCHYBRID\BUILD\RELEASE\ID3LIB100\TAG_PARSE_V1.OBJ
E:\PROJECTS\SMULE\SRCHYBRID\BUILD\RELEASE\ID3LIB100\TAG_RENDER.OBJ
E:\PROJECTS\SMULE\SRCHYBRID\BUILD\RELEASE\ID3LIB100\UTILS.OBJ
E:\PROJECTS\SMULE\SRCHYBRID\BUILD\RELEASE\ID3LIB100\VC100.PDB
E:\PROJECTS\SMULE\SRCHYBRID\BUILD\RELEASE\ID3LIB100\WRITERS.OBJ
