e:\projects\sMule\ReplaceVistaIcon\Release\cl.command.1.tlog
e:\projects\sMule\ReplaceVistaIcon\Release\CL.read.1.tlog
e:\projects\sMule\ReplaceVistaIcon\Release\CL.write.1.tlog
e:\projects\sMule\ReplaceVistaIcon\Release\link.command.1.tlog
e:\projects\sMule\ReplaceVistaIcon\Release\link.read.1.tlog
e:\projects\sMule\ReplaceVistaIcon\Release\link.write.1.tlog
e:\projects\sMule\ReplaceVistaIcon\Release\link-cvtres.read.1.tlog
e:\projects\sMule\ReplaceVistaIcon\Release\link-cvtres.write.1.tlog
e:\projects\sMule\ReplaceVistaIcon\Release\mt.command.1.tlog
e:\projects\sMule\ReplaceVistaIcon\Release\mt.read.1.tlog
e:\projects\sMule\ReplaceVistaIcon\Release\mt.write.1.tlog
e:\projects\sMule\ReplaceVistaIcon\Release\rc.command.1.tlog
e:\projects\sMule\ReplaceVistaIcon\Release\rc.read.1.tlog
e:\projects\sMule\ReplaceVistaIcon\Release\rc.write.1.tlog
E:\PROJECTS\SMULE\REPLACEVISTAICON\RELEASE\REPLACEVISTAICON.EXE
E:\PROJECTS\SMULE\REPLACEVISTAICON\RELEASE\REPLACEVISTAICON_VC100.EXE.INTERMEDIATE.MANIFEST
E:\PROJECTS\SMULE\REPLACEVISTAICON\RELEASE\REPLACEVISTAICON_VC100.PCH
e:\projects\sMule\ReplaceVistaIcon\Release\ReplaceVistaIcon_vc100.vcxprojResolveAssemblyReference.cache
e:\projects\sMule\ReplaceVistaIcon\Release\ReplaceVistaIcon_vc100.write.1.tlog
E:\PROJECTS\SMULE\REPLACEVISTAICON\RELEASE\SETVISTAICON.OBJ
E:\PROJECTS\SMULE\REPLACEVISTAICON\RELEASE\SETVISTAICON.RES
E:\PROJECTS\SMULE\REPLACEVISTAICON\RELEASE\STDAFX.OBJ
E:\PROJECTS\SMULE\REPLACEVISTAICON\RELEASE\VC100.PDB
