e:\projects\sMule\png\Release\cl.command.1.tlog
e:\projects\sMule\png\Release\CL.read.1.tlog
e:\projects\sMule\png\Release\CL.write.1.tlog
e:\projects\sMule\png\Release\lib.command.1.tlog
e:\projects\sMule\png\Release\Lib-link.read.1.tlog
e:\projects\sMule\png\Release\Lib-link.write.1.tlog
E:\PROJECTS\SMULE\PNG\RELEASE\LIBPNG.PCH
e:\projects\sMule\png\Release\libpng100.write.1.tlog
E:\PROJECTS\SMULE\PNG\RELEASE\PNG.LIB
E:\PROJECTS\SMULE\PNG\RELEASE\PNG.OBJ
E:\PROJECTS\SMULE\PNG\RELEASE\PNGERROR.OBJ
E:\PROJECTS\SMULE\PNG\RELEASE\PNGGET.OBJ
E:\PROJECTS\SMULE\PNG\RELEASE\PNGMEM.OBJ
E:\PROJECTS\SMULE\PNG\RELEASE\PNGPREAD.OBJ
E:\PROJECTS\SMULE\PNG\RELEASE\PNGREAD.OBJ
E:\PROJECTS\SMULE\PNG\RELEASE\PNGRIO.OBJ
E:\PROJECTS\SMULE\PNG\RELEASE\PNGRTRAN.OBJ
E:\PROJECTS\SMULE\PNG\RELEASE\PNGRUTIL.OBJ
E:\PROJECTS\SMULE\PNG\RELEASE\PNGSET.OBJ
E:\PROJECTS\SMULE\PNG\RELEASE\PNGTRANS.OBJ
E:\PROJECTS\SMULE\PNG\RELEASE\PNGWIO.OBJ
E:\PROJECTS\SMULE\PNG\RELEASE\PNGWRITE.OBJ
E:\PROJECTS\SMULE\PNG\RELEASE\PNGWTRAN.OBJ
E:\PROJECTS\SMULE\PNG\RELEASE\PNGWUTIL.OBJ
E:\PROJECTS\SMULE\PNG\RELEASE\VC100.PDB
