Build started 7/30/2014 8:58:08 PM.
     1>Project "E:\projects\sMule\ResizableLib\ResizableLib100.vcxproj" on node 5 (build target(s)).
     1>InitializeBuildStatus:
         Creating "debug100\ResizableLib100.unsuccessfulbuild" because "AlwaysCreate" was specified.
       MakeDirsForCl:
         Creating directory "E:\projects\sMule\ResizableLib\.\Debug".
       ClCompile:
         C:\Program Files (x86)\Microsoft Visual Studio 10.0\VC\bin\CL.exe /c /ZI /nologo /W4 /WX- /Od /Oy- /D WIN32 /D _DEBUG /D _WINDOWS /D _CRT_SECURE_NO_WARNINGS /D _VC80_UPGRADE=0x0710 /D _UNICODE /D UNICODE /Gm- /EHa /RTC1 /MTd /GS /fp:precise /Zc:wchar_t /Zc:forScope /Yc"stdafx.h" /Fp".\Debug/ResizableLib.pch" /Fo".\Debug/" /Fd".\Debug/vc100.pdb" /Gd /TP /analyze- /errorReport:prompt StdAfx.cpp
         StdAfx.cpp
         _WIN32_WINNT not defined. Defaulting to _WIN32_WINNT_MAXVER (see WinSDKVer.h)
         C:\Program Files (x86)\Microsoft Visual Studio 10.0\VC\bin\CL.exe /c /ZI /nologo /W4 /WX- /Od /Oy- /D WIN32 /D _DEBUG /D _WINDOWS /D _CRT_SECURE_NO_WARNINGS /D _VC80_UPGRADE=0x0710 /D _UNICODE /D UNICODE /Gm- /EHa /RTC1 /MTd /GS /fp:precise /Zc:wchar_t /Zc:forScope /Yu"stdafx.h" /Fp".\Debug/ResizableLib.pch" /Fo".\Debug/" /Fd".\Debug/vc100.pdb" /Gd /TP /analyze- /errorReport:prompt ResizableDialog.cpp ResizableFormView.cpp ResizableFrame.cpp ResizableGrip.cpp ResizableLayout.cpp ResizableMDIChild.cpp ResizableMDIFrame.cpp ResizableMinMax.cpp ResizablePage.cpp ResizableSheet.cpp ResizableState.cpp
         ResizableDialog.cpp
         ResizableFormView.cpp
         ResizableFrame.cpp
         ResizableGrip.cpp
         ResizableLayout.cpp
         ResizableMDIChild.cpp
         ResizableMDIFrame.cpp
         ResizableMinMax.cpp
         ResizablePage.cpp
         ResizableSheet.cpp
         ResizableState.cpp
         Generating Code...
         C:\Program Files (x86)\Microsoft Visual Studio 10.0\VC\bin\CL.exe /c /ZI /nologo /W4 /WX- /Od /Oy- /D WIN32 /D _DEBUG /D _WINDOWS /D _CRT_SECURE_NO_WARNINGS /D _VC80_UPGRADE=0x0710 /D _UNICODE /D UNICODE /Gm- /EHa /RTC1 /MTd /GS /fp:precise /Zc:wchar_t /Zc:forScope /Fo".\Debug/" /Fd".\Debug/vc100.pdb" /Gd /TP /analyze- /errorReport:prompt ResizablePageEx.cpp ResizableSheetEx.cpp
         ResizablePageEx.cpp
         ResizableSheetEx.cpp
         Generating Code...
     1>C:\Program Files (x86)\MSBuild\Microsoft.Cpp\v4.0\Microsoft.CppBuild.targets(1151,5): warning MSB8012: TargetPath(E:\projects\sMule\ResizableLib\debug100\ResizableLib100.lib) does not match the Library's OutputFile property value (E:\projects\sMule\ResizableLib\Debug\ResizableLib.lib). This may cause your project to build incorrectly. To correct this, please make sure that $(OutDir), $(TargetName) and $(TargetExt) property values match the value specified in %(Lib.OutputFile).
     1>C:\Program Files (x86)\MSBuild\Microsoft.Cpp\v4.0\Microsoft.CppBuild.targets(1153,5): warning MSB8012: TargetName(ResizableLib100) does not match the Library's OutputFile property value (ResizableLib). This may cause your project to build incorrectly. To correct this, please make sure that $(OutDir), $(TargetName) and $(TargetExt) property values match the value specified in %(Lib.OutputFile).
       Lib:
         C:\Program Files (x86)\Microsoft Visual Studio 10.0\VC\bin\Lib.exe /OUT:".\Debug\ResizableLib.lib" /NOLOGO .\Debug/ResizableDialog.obj
         .\Debug/ResizableFormView.obj
         .\Debug/ResizableFrame.obj
         .\Debug/ResizableGrip.obj
         .\Debug/ResizableLayout.obj
         .\Debug/ResizableMDIChild.obj
         .\Debug/ResizableMDIFrame.obj
         .\Debug/ResizableMinMax.obj
         .\Debug/ResizablePage.obj
         .\Debug/ResizablePageEx.obj
         .\Debug/ResizableSheet.obj
         .\Debug/ResizableSheetEx.obj
         .\Debug/ResizableState.obj
         .\Debug/StdAfx.obj
         ResizableLib100.vcxproj -> E:\projects\sMule\ResizableLib\debug100\ResizableLib100.lib
       FinalizeBuildStatus:
         Deleting file "debug100\ResizableLib100.unsuccessfulbuild".
         Touching "debug100\ResizableLib100.lastbuildstate".
     1>Done Building Project "E:\projects\sMule\ResizableLib\ResizableLib100.vcxproj" (build target(s)).

Build succeeded.

Time Elapsed 00:00:32.08
