Build started 8/1/2014 12:44:06 AM.
     1>Project "E:\projects\sMule\srchybrid\emule100.vcxproj" on node 2 (build target(s)).
     1>InitializeBuildStatus:
         Touching ".\release\smule.unsuccessfulbuild".
       _MASM:
       Skipping target "_MASM" because all output files are up-to-date with respect to the input files.
       _MASM:
       Skipping target "_MASM" because all output files are up-to-date with respect to the input files.
       ClCompile:
         All outputs are up-to-date.
         C:\Program Files (x86)\Microsoft Visual Studio 10.0\VC\bin\CL.exe /c /I..\site_config /I. /I.. /I..\id3lib\include /Iupnplib\ixml\src\inc /Iupnplib\upnp\src\inc /Iupnplib\upnp\inc /Iupnplib\build\inc /Iupnplib\threadutil\inc /Iupnplib\ixml\inc /Ipthreads\pthreads\inc /IDirectX\Include /IDirectX\Extras\DirectShow\Include /IATLServer\include /Zi /nologo /W3 /WX- /Ox /Ob2 /Oi /Os /Oy /GT /GL /D WIN32 /D _WINDOWS /D NDEBUG /D ID3LIB_LINKOPTION=1 /D _RELEASE /D SUPPORT_LARGE_FILES /D UPNP_STATIC_LIB /D _WIN32 /D PTW32_STATIC_LIB /D _VC80_UPGRADE=0x0710 /D _UNICODE /D UNICODE /GF /Gm- /EHa /MT /GS /Gy /fp:precise /Zc:wchar_t /Zc:forScope- /Fo".\release\\" /Fd".\release\vc100.pdb" /Gd /TP /analyze- /errorReport:prompt PreferencesDlg.cpp
         PreferencesDlg.cpp
         All outputs are up-to-date.
       ResourceCompile:
         All outputs are up-to-date.
       Link:
         C:\Program Files (x86)\Microsoft Visual Studio 10.0\VC\bin\link.exe /ERRORREPORT:PROMPT /OUT:".\release\sMule.exe" /INCREMENTAL:NO /NOLOGO unicows.lib kernel32.lib advapi32.lib user32.lib gdi32.lib shell32.lib comdlg32.lib version.lib mpr.lib rasapi32.lib winmm.lib winspool.lib vfw32.lib secur32.lib oleacc.lib oledlg.lib sensapi.lib ws2_32.lib gdiplus.lib ADSIId.lib crypt32.lib wmvcore.lib Delayimp.lib /NODEFAULTLIB:kernel32.lib /NODEFAULTLIB:advapi32.lib /NODEFAULTLIB:user32.lib /NODEFAULTLIB:gdi32.lib /NODEFAULTLIB:shell32.lib /NODEFAULTLIB:comdlg32.lib /NODEFAULTLIB:version.lib /NODEFAULTLIB:mpr.lib /NODEFAULTLIB:rasapi32.lib /NODEFAULTLIB:winmm.lib /NODEFAULTLIB:winspool.lib /NODEFAULTLIB:vfw32.lib /NODEFAULTLIB:secur32.lib /NODEFAULTLIB:oleacc.lib /NODEFAULTLIB:oledlg.lib /NODEFAULTLIB:sensapi.lib /NODEFAULTLIB:msvcrt.lib /DELAYLOAD:oleacc.dll /DELAYLOAD:gdiplus.dll /MANIFEST /ManifestFile:".\release\smule.exe.intermediate.manifest" /MANIFESTUAC:"level='asInvoker' uiAccess='false'" /DEBUG /PDB:"E:\projects\sMule\srchybrid\release\smule.pdb" /SUBSYSTEM:WINDOWS /OPT:REF /OPT:ICF /LTCG /TLBID:1 /ENTRY:"wWinMainCRTStartup" /DYNAMICBASE:NO /FIXED:NO /IMPLIB:".\release\smule.lib" /MACHINE:X86 .\release\smule.res
         .\release\AbstractFile.obj
         .\release\AICHSyncThread.obj
         .\release\ArchiveRecovery.obj
         .\release\AsyncProxySocketLayer.obj
         .\release\AsyncSocketEx.obj
         .\release\AsyncSocketExLayer.obj
         .\release\BaseClient.obj
         .\release\ButtonVE.obj
         .\release\CaptchaGenerator.obj
         .\release\CBase64Coding.obj
         .\release\ClientCredits.obj
         .\release\ClientList.obj
         .\release\ClientUDPSocket.obj
         .\release\Collection.obj
         .\release\CollectionFile.obj
         .\release\CommentListCtrl.obj
         .\release\CorruptionBlackBox.obj
         .\release\DeadSourceList.obj
         .\release\DownloadClient.obj
         .\release\DownloadQueue.obj
         .\release\ED2KLink.obj
         .\release\EMSocket.obj
         .\release\Emule.obj
         .\release\EncryptedDatagramSocket.obj
         .\release\EncryptedStreamSocket.obj
         .\release\Fakealyzer.obj
         .\release\fakecheck.obj
         .\release\FileIdentifier.obj
         .\release\FileProcessing.obj
         .\release\FirewallOpener.obj
         .\release\FrameGrabThread.obj
         .\release\Friend.obj
         .\release\FriendList.obj
         .\release\GZipFile.obj
         .\release\HttpClientReqSocket.obj
         .\release\I18n.obj
         .\release\Ini2.obj
         .\release\IP2Country.obj
         .\release\IPFilter.obj
         .\release\KnownFile.obj
         .\release\KnownFileList.obj
         .\release\LastCommonRouteFinder.obj
         .\release\ListenSocket.obj
         .\release\Log.obj
         .\release\MD5Sum.obj
         .\release\Mdump.obj
         .\release\MediaInfo.obj
         .\release\MfcStaticBinaryCompatible.obj
         .\release\MMServer.obj
         .\release\MMSocket.obj
         .\release\NTService.obj
         .\release\OtherFunctions.obj
         .\release\Packets.obj
         .\release\Parser.obj
         .\release\PartFile.obj
         .\release\PartFileConvert.obj
         .\release\PeerCacheClient.obj
         .\release\PeerCacheFinder.obj
         .\release\PerfLog.obj
         .\release\Pinger.obj
         .\release\Preferences.obj
         .\release\Preview.obj
         .\release\Quantize.obj
         .\release\RARFile.obj
         .\release\ReadWriteLock.obj
         .\release\SafeFile.obj
         .\release\SafeKad.obj
         .\release\Scanner.obj
         .\release\Scheduler.obj
         .\release\SearchFile.obj
         .\release\SearchList.obj
         .\release\SecRunAsUser.obj
         .\release\SelfTest.obj
         .\release\SendMail.obj
         .\release\Server.obj
         .\release\ServerList.obj
         .\release\ServerSocket.obj
         .\release\SHA.obj
         .\release\SHAHashSet.obj
         .\release\ShareableFile.obj
         .\release\SharedFileList.obj
         .\release\Sockets.obj
         .\release\SourceSaver.obj
         ".\release\SR13-ImportParts.obj"
         .\release\StatisticFile.obj
         .\release\Statistics.obj
         .\release\Stdafx.obj
         .\release\StringConversion.obj
         .\release\TimeTick.obj
         .\release\UDPSocket.obj
         .\release\UploadBandwidthThrottler.obj
         .\release\UploadClient.obj
         .\release\UploadQueue.obj
         .\release\UPnP_IGDControlPoint.obj
         .\release\URLClient.obj
         .\release\Version.obj
         .\release\ZIPFile.obj
         .\release\BufferedFileIO.obj
         .\release\ByteIO.obj
         .\release\Contact.obj
         .\release\DataIO.obj
         .\release\Entry.obj
         .\release\FileIO.obj
         .\release\Indexed.obj
         .\release\IOException.obj
         .\release\Kademlia.obj
         .\release\KademliaUDPListener.obj
         .\release\LittleEndian.obj
         .\release\LookupHistory.obj
         .\release\MiscUtils.obj
         .\release\PacketTracking.obj
         .\release\Prefs.obj
         .\release\RoutingBin.obj
         .\release\RoutingZone.obj
         .\release\Search.obj
         .\release\SearchManager.obj
         .\release\ThreadName.obj
         .\release\UDPFirewallTester.obj
         .\release\UInt128.obj
         .\release\IrcMain.obj
         .\release\IrcSocket.obj
         .\release\3DPreviewControl.obj
         .\release\AddCRC32TagDialog.obj
         .\release\AddFriend.obj
         .\release\AddSourceDlg.obj
         .\release\ArchivePreviewDlg.obj
         .\release\BarShader.obj
         .\release\BtnST.obj
         .\release\BuddyButton.obj
         .\release\ButtonsTabCtrl.obj
         .\release\CatDialog.obj
         .\release\ChatSelector.obj
         .\release\ChatWnd.obj
         .\release\ClientDetailDialog.obj
         .\release\ClosableTabCtrl.obj
         .\release\CollectionCreateDialog.obj
         .\release\CollectionViewDialog.obj
         .\release\ColorButton.obj
         .\release\ColorFrameCtrl.obj
         .\release\ColourPopup.obj
         .\release\ComboBoxEx2.obj
         .\release\CommentDialog.obj
         .\release\CommentDialogLst.obj
         .\release\CreditsDlg.obj
         .\release\CreditsThread.obj
         .\release\CustomAutoComplete.obj
         .\release\DialogMinTrayBtn.obj
         .\release\DirectDownloadDlg.obj
         .\release\DirectoryTreeCtrl.obj
         .\release\DropDownButton.obj
         .\release\DropTarget.obj
         .\release\ED2kLinkDlg.obj
         .\release\EditDelayed.obj
         .\release\EditX.obj
         .\release\EmuleDlg.obj
         .\release\EnBitmap.obj
         .\release\FileDetailDialog.obj
         .\release\FileDetailDialogInfo.obj
         .\release\FileDetailDialogName.obj
         .\release\FileDetailDlgStatistics.obj
         .\release\FileInfoDialog.obj
         .\release\GDIThread.obj
         .\release\HTRichEditCtrl.obj
         .\release\HttpDownloadDlg.obj
         .\release\HyperTextCtrl.obj
         .\release\IconStatic.obj
         .\release\IESecurity.obj
         .\release\InputBox.obj
         .\release\IPFilterDlg.obj
         .\release\KadContactHistogramCtrl.obj
         .\release\KademliaWnd.obj
         .\release\KadLookupGraph.obj
         .\release\KCSideBannerWnd.obj
         .\release\LayeredWindowHelperST.obj
         .\release\ListBoxST.obj
         .\release\ListCtrlEditable.obj
         .\release\ListCtrlX.obj
         .\release\ListViewSearchDlg.obj
         .\release\ListViewWalkerPropertySheet.obj
         .\release\MassRename.obj
         .\release\MetaDataDlg.obj
         .\release\MeterIcon.obj
         .\release\MiniMule.obj
         .\release\MuleStatusBarCtrl.obj
         .\release\MuleToolBarCtrl.obj
         .\release\NetworkInfoDlg.obj
         .\release\OScopeCtrl.obj
         .\release\PPgBackup.obj
         .\release\PPgConnection.obj
         .\release\PPgDebug.obj
         .\release\PPgDirectories.obj
         .\release\PPgDisplay.obj
         .\release\PPgEastShare.obj
         .\release\PPgEmulespana.obj
         .\release\PPgFiles.obj
         .\release\PPgGeneral.obj
         .\release\PPgIRC.obj
         .\release\PPgMessages.obj
         .\release\PPgMorph.obj
         .\release\PPgMorph2.obj
         .\release\PPgMorphShare.obj
         .\release\PPgNotify.obj
         .\release\PPgNTServer.obj
         .\release\PPgProxy.obj
         .\release\PPgScheduler.obj
         .\release\PPgSecurity.obj
         .\release\PPgServer.obj
         .\release\PPgStats.obj
         .\release\PPgTweaks.obj
         .\release\PreferencesDlg.obj
         .\release\PreviewDlg.obj
         .\release\ProgressCtrlX.obj
         .\release\PShtWiz1.obj
         .\release\RichEditCtrlX.obj
         .\release\RichEditStream.obj
         .\release\SearchDlg.obj
         .\release\SearchParamsWnd.obj
         .\release\SearchResultsWnd.obj
         .\release\SelCategoryDlg.obj
         .\release\ServerWnd.obj
         .\release\SharedDirsTreeCtrl.obj
         .\release\SharedFilesWnd.obj
         .\release\SimpleCleanup.obj
         .\release\SlideBar.obj
         .\release\SmileySelector.obj
         .\release\SplashScreen.obj
         .\release\SplitterControl.obj
         .\release\StatisticsDlg.obj
         .\release\StatisticsTree.obj
         .\release\TabCtrl.obj
         .\release\TaskbarNotifier.obj
         .\release\TextToSpeech.obj
         .\release\TitleMenu.obj
         .\release\ToolBarCtrlX.obj
         .\release\ToolbarWnd.obj
         .\release\ToolTipCtrlX.obj
         .\release\TransferDlg.obj
         .\release\TransferWnd.obj
         .\release\TreeOptionsCtrl.obj
         .\release\TreeOptionsCtrlEx.obj
         .\release\TreePropSheet.obj
         .\release\TreePropSheetPgFrame.obj
         .\release\TreePropSheetPgFrameDef.obj
         .\release\VisualStylesXP.obj
         .\release\Wizard.obj
         .\release\XMessageBox.obj
         .\release\ClientListCtrl.obj
         .\release\CollectionListCtrl.obj
         .\release\DownloadClientsCtrl.obj
         .\release\DownloadListCtrl.obj
         .\release\FriendListCtrl.obj
         .\release\HistoryListCtrl.obj
         .\release\KadContactListCtrl.obj
         .\release\KadSearchListCtrl.obj
         .\release\MuleListCtrl.obj
         .\release\QueueListCtrl.obj
         .\release\SearchListCtrl.obj
         .\release\ServerListCtrl.obj
         .\release\SharedFilesCtrl.obj
         .\release\UploadListCtrl.obj
         .\release\GradientStatic.obj
         .\release\MuleSystrayDlg.obj
         .\release\TrayDialog.obj
         .\release\TrayMenuBtn.obj
         .\release\IrcChannelListCtrl.obj
         .\release\IrcChannelTabCtrl.obj
         .\release\IrcNickListCtrl.obj
         .\release\IrcWnd.obj
         .\release\CeXDib.obj
         .\release\PPGtooltipped.obj
         .\release\PPTooltip.obj
         .\release\PassTreeOptionsEdit.obj
         .\release\MD41.obj
         E:\projects\sMule\srchybrid\build\Release\cryptlib100.lib
         E:\projects\sMule\srchybrid\build\Release\id3lib100.lib
         E:\projects\sMule\ResizableLib\Release\ResizableLib.lib
         E:\projects\sMule\srchybrid\build\Release\zlib100.lib
         E:\projects\sMule\srchybrid\CxImage\Release\CxImage.lib
         E:\projects\sMule\srchybrid\upnplib\win32project\Release\upnpLib100.lib
         E:\projects\sMule\png\Release\png.lib
         .\release\MD4_asm.obj
         .\release\SHA_asm.obj /nxcompat /safeseh /dynamicbase 
            Creating library .\release\smule.lib and object .\release\smule.exp
     1>PreferencesDlg.obj : error LNK2001: unresolved external symbol "public: void __thiscall CPPgIonixWebServer::Localize(void)" (?Localize@CPPgIonixWebServer@@QAEXXZ)
     1>PreferencesDlg.obj : error LNK2001: unresolved external symbol "public: virtual __thiscall CPPgIonixWebServer::~CPPgIonixWebServer(void)" (??1CPPgIonixWebServer@@UAE@XZ)
     1>PreferencesDlg.obj : error LNK2001: unresolved external symbol "public: __thiscall CPPgIonixWebServer::CPPgIonixWebServer(void)" (??0CPPgIonixWebServer@@QAE@XZ)
     1>PreferencesDlg.obj : error LNK2001: unresolved external symbol "public: virtual __thiscall CPPgWebServer::~CPPgWebServer(void)" (??1CPPgWebServer@@UAE@XZ)
     1>PreferencesDlg.obj : error LNK2001: unresolved external symbol "public: __thiscall CPPgWebServer::CPPgWebServer(void)" (??0CPPgWebServer@@QAE@XZ)
     1>upnpLib100.lib(upnpapi.obj) : error LNK2001: unresolved external symbol _http_WriteHttpPost
     1>upnpLib100.lib(upnpapi.obj) : error LNK2001: unresolved external symbol _http_CloseHttpPost
     1>upnpLib100.lib(upnpapi.obj) : error LNK2001: unresolved external symbol _http_OpenHttpGetEx
     1>upnpLib100.lib(upnpapi.obj) : error LNK2001: unresolved external symbol _http_Download
     1>upnpLib100.lib(upnpapi.obj) : error LNK2001: unresolved external symbol _UpnpEnableWebserver
     1>upnpLib100.lib(upnpapi.obj) : error LNK2001: unresolved external symbol _gDocumentRootDir
     1>.\release\sMule.exe : fatal error LNK1120: 11 unresolved externals
     1>Done Building Project "E:\projects\sMule\srchybrid\emule100.vcxproj" (build target(s)) -- FAILED.

Build FAILED.

Time Elapsed 00:01:01.83
