.\release\smule.pdb
e:\projects\sMule\srchybrid\.\release\smule.exe
e:\projects\sMule\srchybrid\.\release\smule.exe.intermediate.manifest
E:\PROJECTS\SMULE\SRCHYBRID\RELEASE\3DPREVIEWCONTROL.OBJ
E:\PROJECTS\SMULE\SRCHYBRID\RELEASE\ABSTRACTFILE.OBJ
E:\PROJECTS\SMULE\SRCHYBRID\RELEASE\ADDCRC32TAGDIALOG.OBJ
E:\PROJECTS\SMULE\SRCHYBRID\RELEASE\ADDFRIEND.OBJ
E:\PROJECTS\SMULE\SRCHYBRID\RELEASE\ADDSOURCEDLG.OBJ
E:\PROJECTS\SMULE\SRCHYBRID\RELEASE\AICHSYNCTHREAD.OBJ
E:\PROJECTS\SMULE\SRCHYBRID\RELEASE\ARCHIVEPREVIEWDLG.OBJ
E:\PROJECTS\SMULE\SRCHYBRID\RELEASE\ARCHIVERECOVERY.OBJ
E:\PROJECTS\SMULE\SRCHYBRID\RELEASE\ASYNCPROXYSOCKETLAYER.OBJ
E:\PROJECTS\SMULE\SRCHYBRID\RELEASE\ASYNCSOCKETEX.OBJ
E:\PROJECTS\SMULE\SRCHYBRID\RELEASE\ASYNCSOCKETEXLAYER.OBJ
E:\PROJECTS\SMULE\SRCHYBRID\RELEASE\BARSHADER.OBJ
E:\PROJECTS\SMULE\SRCHYBRID\RELEASE\BASECLIENT.OBJ
E:\PROJECTS\SMULE\SRCHYBRID\RELEASE\BTNST.OBJ
E:\PROJECTS\SMULE\SRCHYBRID\RELEASE\BUDDYBUTTON.OBJ
E:\PROJECTS\SMULE\SRCHYBRID\RELEASE\BUFFEREDFILEIO.OBJ
E:\PROJECTS\SMULE\SRCHYBRID\RELEASE\BUTTONSTABCTRL.OBJ
E:\PROJECTS\SMULE\SRCHYBRID\RELEASE\BUTTONVE.OBJ
E:\PROJECTS\SMULE\SRCHYBRID\RELEASE\BYTEIO.OBJ
E:\PROJECTS\SMULE\SRCHYBRID\RELEASE\CAPTCHAGENERATOR.OBJ
E:\PROJECTS\SMULE\SRCHYBRID\RELEASE\CATDIALOG.OBJ
E:\PROJECTS\SMULE\SRCHYBRID\RELEASE\CBASE64CODING.OBJ
E:\PROJECTS\SMULE\SRCHYBRID\RELEASE\CEXDIB.OBJ
E:\PROJECTS\SMULE\SRCHYBRID\RELEASE\CHATSELECTOR.OBJ
E:\PROJECTS\SMULE\SRCHYBRID\RELEASE\CHATWND.OBJ
E:\PROJECTS\SMULE\SRCHYBRID\RELEASE\CLIENTCREDITS.OBJ
E:\PROJECTS\SMULE\SRCHYBRID\RELEASE\CLIENTDETAILDIALOG.OBJ
E:\PROJECTS\SMULE\SRCHYBRID\RELEASE\CLIENTLIST.OBJ
E:\PROJECTS\SMULE\SRCHYBRID\RELEASE\CLIENTLISTCTRL.OBJ
E:\PROJECTS\SMULE\SRCHYBRID\RELEASE\CLIENTUDPSOCKET.OBJ
E:\PROJECTS\SMULE\SRCHYBRID\RELEASE\CLOSABLETABCTRL.OBJ
E:\PROJECTS\SMULE\SRCHYBRID\RELEASE\COLLECTION.OBJ
E:\PROJECTS\SMULE\SRCHYBRID\RELEASE\COLLECTIONCREATEDIALOG.OBJ
E:\PROJECTS\SMULE\SRCHYBRID\RELEASE\COLLECTIONFILE.OBJ
E:\PROJECTS\SMULE\SRCHYBRID\RELEASE\COLLECTIONLISTCTRL.OBJ
E:\PROJECTS\SMULE\SRCHYBRID\RELEASE\COLLECTIONVIEWDIALOG.OBJ
E:\PROJECTS\SMULE\SRCHYBRID\RELEASE\COLORBUTTON.OBJ
E:\PROJECTS\SMULE\SRCHYBRID\RELEASE\COLORFRAMECTRL.OBJ
E:\PROJECTS\SMULE\SRCHYBRID\RELEASE\COLOURPOPUP.OBJ
E:\PROJECTS\SMULE\SRCHYBRID\RELEASE\COMBOBOXEX2.OBJ
E:\PROJECTS\SMULE\SRCHYBRID\RELEASE\COMMENTDIALOG.OBJ
E:\PROJECTS\SMULE\SRCHYBRID\RELEASE\COMMENTDIALOGLST.OBJ
E:\PROJECTS\SMULE\SRCHYBRID\RELEASE\COMMENTLISTCTRL.OBJ
E:\PROJECTS\SMULE\SRCHYBRID\RELEASE\CONTACT.OBJ
E:\PROJECTS\SMULE\SRCHYBRID\RELEASE\CORRUPTIONBLACKBOX.OBJ
E:\PROJECTS\SMULE\SRCHYBRID\RELEASE\CREDITSDLG.OBJ
E:\PROJECTS\SMULE\SRCHYBRID\RELEASE\CREDITSTHREAD.OBJ
E:\PROJECTS\SMULE\SRCHYBRID\RELEASE\CUSTOMAUTOCOMPLETE.OBJ
E:\PROJECTS\SMULE\SRCHYBRID\RELEASE\DATAIO.OBJ
E:\PROJECTS\SMULE\SRCHYBRID\RELEASE\DEADSOURCELIST.OBJ
E:\PROJECTS\SMULE\SRCHYBRID\RELEASE\DIALOGMINTRAYBTN.OBJ
E:\PROJECTS\SMULE\SRCHYBRID\RELEASE\DIRECTDOWNLOADDLG.OBJ
E:\PROJECTS\SMULE\SRCHYBRID\RELEASE\DIRECTORYTREECTRL.OBJ
E:\PROJECTS\SMULE\SRCHYBRID\RELEASE\DOWNLOADCLIENT.OBJ
E:\PROJECTS\SMULE\SRCHYBRID\RELEASE\DOWNLOADCLIENTSCTRL.OBJ
E:\PROJECTS\SMULE\SRCHYBRID\RELEASE\DOWNLOADLISTCTRL.OBJ
E:\PROJECTS\SMULE\SRCHYBRID\RELEASE\DOWNLOADQUEUE.OBJ
E:\PROJECTS\SMULE\SRCHYBRID\RELEASE\DROPDOWNBUTTON.OBJ
E:\PROJECTS\SMULE\SRCHYBRID\RELEASE\DROPTARGET.OBJ
E:\PROJECTS\SMULE\SRCHYBRID\RELEASE\ED2KLINK.OBJ
E:\PROJECTS\SMULE\SRCHYBRID\RELEASE\ED2KLINKDLG.OBJ
E:\PROJECTS\SMULE\SRCHYBRID\RELEASE\EDITDELAYED.OBJ
E:\PROJECTS\SMULE\SRCHYBRID\RELEASE\EDITX.OBJ
E:\PROJECTS\SMULE\SRCHYBRID\RELEASE\EMSOCKET.OBJ
E:\PROJECTS\SMULE\SRCHYBRID\RELEASE\EMULE.OBJ
E:\PROJECTS\SMULE\SRCHYBRID\RELEASE\EMULEDLG.OBJ
E:\PROJECTS\SMULE\SRCHYBRID\RELEASE\ENBITMAP.OBJ
E:\PROJECTS\SMULE\SRCHYBRID\RELEASE\ENCRYPTEDDATAGRAMSOCKET.OBJ
E:\PROJECTS\SMULE\SRCHYBRID\RELEASE\ENCRYPTEDSTREAMSOCKET.OBJ
E:\PROJECTS\SMULE\SRCHYBRID\RELEASE\ENTRY.OBJ
E:\PROJECTS\SMULE\SRCHYBRID\RELEASE\FAKEALYZER.OBJ
E:\PROJECTS\SMULE\SRCHYBRID\RELEASE\FAKECHECK.OBJ
E:\PROJECTS\SMULE\SRCHYBRID\RELEASE\FILEDETAILDIALOG.OBJ
E:\PROJECTS\SMULE\SRCHYBRID\RELEASE\FILEDETAILDIALOGINFO.OBJ
E:\PROJECTS\SMULE\SRCHYBRID\RELEASE\FILEDETAILDIALOGNAME.OBJ
E:\PROJECTS\SMULE\SRCHYBRID\RELEASE\FILEDETAILDLGSTATISTICS.OBJ
E:\PROJECTS\SMULE\SRCHYBRID\RELEASE\FILEIDENTIFIER.OBJ
E:\PROJECTS\SMULE\SRCHYBRID\RELEASE\FILEINFODIALOG.OBJ
E:\PROJECTS\SMULE\SRCHYBRID\RELEASE\FILEIO.OBJ
E:\PROJECTS\SMULE\SRCHYBRID\RELEASE\FILEPROCESSING.OBJ
E:\PROJECTS\SMULE\SRCHYBRID\RELEASE\FIREWALLOPENER.OBJ
E:\PROJECTS\SMULE\SRCHYBRID\RELEASE\FRAMEGRABTHREAD.OBJ
E:\PROJECTS\SMULE\SRCHYBRID\RELEASE\FRIEND.OBJ
E:\PROJECTS\SMULE\SRCHYBRID\RELEASE\FRIENDLIST.OBJ
E:\PROJECTS\SMULE\SRCHYBRID\RELEASE\FRIENDLISTCTRL.OBJ
E:\PROJECTS\SMULE\SRCHYBRID\RELEASE\GDITHREAD.OBJ
E:\PROJECTS\SMULE\SRCHYBRID\RELEASE\GRADIENTSTATIC.OBJ
E:\PROJECTS\SMULE\SRCHYBRID\RELEASE\GZIPFILE.OBJ
E:\PROJECTS\SMULE\SRCHYBRID\RELEASE\HISTORYLISTCTRL.OBJ
E:\PROJECTS\SMULE\SRCHYBRID\RELEASE\HTRICHEDITCTRL.OBJ
E:\PROJECTS\SMULE\SRCHYBRID\RELEASE\HTTPCLIENTREQSOCKET.OBJ
E:\PROJECTS\SMULE\SRCHYBRID\RELEASE\HTTPDOWNLOADDLG.OBJ
E:\PROJECTS\SMULE\SRCHYBRID\RELEASE\HYPERTEXTCTRL.OBJ
E:\PROJECTS\SMULE\SRCHYBRID\RELEASE\I18N.OBJ
E:\PROJECTS\SMULE\SRCHYBRID\RELEASE\ICONSTATIC.OBJ
E:\PROJECTS\SMULE\SRCHYBRID\RELEASE\IESECURITY.OBJ
E:\PROJECTS\SMULE\SRCHYBRID\RELEASE\INDEXED.OBJ
E:\PROJECTS\SMULE\SRCHYBRID\RELEASE\INI2.OBJ
E:\PROJECTS\SMULE\SRCHYBRID\RELEASE\INPUTBOX.OBJ
E:\PROJECTS\SMULE\SRCHYBRID\RELEASE\IOEXCEPTION.OBJ
E:\PROJECTS\SMULE\SRCHYBRID\RELEASE\IP2COUNTRY.OBJ
E:\PROJECTS\SMULE\SRCHYBRID\RELEASE\IPFILTER.OBJ
E:\PROJECTS\SMULE\SRCHYBRID\RELEASE\IPFILTERDLG.OBJ
E:\PROJECTS\SMULE\SRCHYBRID\RELEASE\IRCCHANNELLISTCTRL.OBJ
E:\PROJECTS\SMULE\SRCHYBRID\RELEASE\IRCCHANNELTABCTRL.OBJ
E:\PROJECTS\SMULE\SRCHYBRID\RELEASE\IRCMAIN.OBJ
E:\PROJECTS\SMULE\SRCHYBRID\RELEASE\IRCNICKLISTCTRL.OBJ
E:\PROJECTS\SMULE\SRCHYBRID\RELEASE\IRCSOCKET.OBJ
E:\PROJECTS\SMULE\SRCHYBRID\RELEASE\IRCWND.OBJ
E:\PROJECTS\SMULE\SRCHYBRID\RELEASE\KADCONTACTHISTOGRAMCTRL.OBJ
E:\PROJECTS\SMULE\SRCHYBRID\RELEASE\KADCONTACTLISTCTRL.OBJ
E:\PROJECTS\SMULE\SRCHYBRID\RELEASE\KADEMLIA.OBJ
E:\PROJECTS\SMULE\SRCHYBRID\RELEASE\KADEMLIAUDPLISTENER.OBJ
E:\PROJECTS\SMULE\SRCHYBRID\RELEASE\KADEMLIAWND.OBJ
E:\PROJECTS\SMULE\SRCHYBRID\RELEASE\KADLOOKUPGRAPH.OBJ
E:\PROJECTS\SMULE\SRCHYBRID\RELEASE\KADSEARCHLISTCTRL.OBJ
E:\PROJECTS\SMULE\SRCHYBRID\RELEASE\KCSIDEBANNERWND.OBJ
E:\PROJECTS\SMULE\SRCHYBRID\RELEASE\KNOWNFILE.OBJ
E:\PROJECTS\SMULE\SRCHYBRID\RELEASE\KNOWNFILELIST.OBJ
E:\PROJECTS\SMULE\SRCHYBRID\RELEASE\LASTCOMMONROUTEFINDER.OBJ
E:\PROJECTS\SMULE\SRCHYBRID\RELEASE\LAYEREDWINDOWHELPERST.OBJ
E:\PROJECTS\SMULE\SRCHYBRID\RELEASE\LISTBOXST.OBJ
E:\PROJECTS\SMULE\SRCHYBRID\RELEASE\LISTCTRLEDITABLE.OBJ
E:\PROJECTS\SMULE\SRCHYBRID\RELEASE\LISTCTRLX.OBJ
E:\PROJECTS\SMULE\SRCHYBRID\RELEASE\LISTENSOCKET.OBJ
E:\PROJECTS\SMULE\SRCHYBRID\RELEASE\LISTVIEWSEARCHDLG.OBJ
E:\PROJECTS\SMULE\SRCHYBRID\RELEASE\LISTVIEWWALKERPROPERTYSHEET.OBJ
E:\PROJECTS\SMULE\SRCHYBRID\RELEASE\LITTLEENDIAN.OBJ
E:\PROJECTS\SMULE\SRCHYBRID\RELEASE\LOG.OBJ
E:\PROJECTS\SMULE\SRCHYBRID\RELEASE\LOOKUPHISTORY.OBJ
E:\PROJECTS\SMULE\SRCHYBRID\RELEASE\MASSRENAME.OBJ
E:\projects\sMule\srchybrid\release\MD4_asm.obj
E:\PROJECTS\SMULE\SRCHYBRID\RELEASE\MD41.OBJ
E:\PROJECTS\SMULE\SRCHYBRID\RELEASE\MD5SUM.OBJ
E:\PROJECTS\SMULE\SRCHYBRID\RELEASE\MDUMP.OBJ
E:\PROJECTS\SMULE\SRCHYBRID\RELEASE\MEDIAINFO.OBJ
E:\PROJECTS\SMULE\SRCHYBRID\RELEASE\METADATADLG.OBJ
E:\PROJECTS\SMULE\SRCHYBRID\RELEASE\METERICON.OBJ
E:\PROJECTS\SMULE\SRCHYBRID\RELEASE\MFCSTATICBINARYCOMPATIBLE.OBJ
E:\PROJECTS\SMULE\SRCHYBRID\RELEASE\MINIMULE.OBJ
E:\PROJECTS\SMULE\SRCHYBRID\RELEASE\MISCUTILS.OBJ
E:\PROJECTS\SMULE\SRCHYBRID\RELEASE\MMSERVER.OBJ
E:\PROJECTS\SMULE\SRCHYBRID\RELEASE\MMSOCKET.OBJ
E:\PROJECTS\SMULE\SRCHYBRID\RELEASE\MODVERSION.OBJ
E:\PROJECTS\SMULE\SRCHYBRID\RELEASE\MULELISTCTRL.OBJ
E:\PROJECTS\SMULE\SRCHYBRID\RELEASE\MULESTATUSBARCTRL.OBJ
E:\PROJECTS\SMULE\SRCHYBRID\RELEASE\MULESYSTRAYDLG.OBJ
E:\PROJECTS\SMULE\SRCHYBRID\RELEASE\MULETOOLBARCTRL.OBJ
E:\PROJECTS\SMULE\SRCHYBRID\RELEASE\NETWORKINFODLG.OBJ
E:\PROJECTS\SMULE\SRCHYBRID\RELEASE\NTSERVICE.OBJ
E:\PROJECTS\SMULE\SRCHYBRID\RELEASE\OSCOPECTRL.OBJ
E:\PROJECTS\SMULE\SRCHYBRID\RELEASE\OTHERFUNCTIONS.OBJ
E:\PROJECTS\SMULE\SRCHYBRID\RELEASE\PACKETS.OBJ
E:\PROJECTS\SMULE\SRCHYBRID\RELEASE\PACKETTRACKING.OBJ
E:\PROJECTS\SMULE\SRCHYBRID\RELEASE\PARSER.OBJ
E:\PROJECTS\SMULE\SRCHYBRID\RELEASE\PARTFILE.OBJ
E:\PROJECTS\SMULE\SRCHYBRID\RELEASE\PARTFILECONVERT.OBJ
E:\PROJECTS\SMULE\SRCHYBRID\RELEASE\PASSTREEOPTIONSEDIT.OBJ
E:\PROJECTS\SMULE\SRCHYBRID\RELEASE\PEERCACHECLIENT.OBJ
E:\PROJECTS\SMULE\SRCHYBRID\RELEASE\PEERCACHEFINDER.OBJ
E:\PROJECTS\SMULE\SRCHYBRID\RELEASE\PERFLOG.OBJ
E:\PROJECTS\SMULE\SRCHYBRID\RELEASE\PINGER.OBJ
E:\PROJECTS\SMULE\SRCHYBRID\RELEASE\PPGBACKUP.OBJ
E:\PROJECTS\SMULE\SRCHYBRID\RELEASE\PPGCONNECTION.OBJ
E:\PROJECTS\SMULE\SRCHYBRID\RELEASE\PPGDEBUG.OBJ
E:\PROJECTS\SMULE\SRCHYBRID\RELEASE\PPGDIRECTORIES.OBJ
E:\PROJECTS\SMULE\SRCHYBRID\RELEASE\PPGDISPLAY.OBJ
E:\PROJECTS\SMULE\SRCHYBRID\RELEASE\PPGEASTSHARE.OBJ
E:\PROJECTS\SMULE\SRCHYBRID\RELEASE\PPGEMULESPANA.OBJ
E:\PROJECTS\SMULE\SRCHYBRID\RELEASE\PPGFILES.OBJ
E:\PROJECTS\SMULE\SRCHYBRID\RELEASE\PPGGENERAL.OBJ
E:\PROJECTS\SMULE\SRCHYBRID\RELEASE\PPGIONIXWEBSERVER.OBJ
E:\PROJECTS\SMULE\SRCHYBRID\RELEASE\PPGIRC.OBJ
E:\PROJECTS\SMULE\SRCHYBRID\RELEASE\PPGMESSAGES.OBJ
E:\PROJECTS\SMULE\SRCHYBRID\RELEASE\PPGMORPH.OBJ
E:\PROJECTS\SMULE\SRCHYBRID\RELEASE\PPGMORPH2.OBJ
E:\PROJECTS\SMULE\SRCHYBRID\RELEASE\PPGMORPHSHARE.OBJ
E:\PROJECTS\SMULE\SRCHYBRID\RELEASE\PPGNOTIFY.OBJ
E:\PROJECTS\SMULE\SRCHYBRID\RELEASE\PPGNTSERVER.OBJ
E:\PROJECTS\SMULE\SRCHYBRID\RELEASE\PPGPROXY.OBJ
E:\PROJECTS\SMULE\SRCHYBRID\RELEASE\PPGSCHEDULER.OBJ
E:\PROJECTS\SMULE\SRCHYBRID\RELEASE\PPGSECURITY.OBJ
E:\PROJECTS\SMULE\SRCHYBRID\RELEASE\PPGSERVER.OBJ
E:\PROJECTS\SMULE\SRCHYBRID\RELEASE\PPGSTATS.OBJ
E:\PROJECTS\SMULE\SRCHYBRID\RELEASE\PPGTOOLTIPPED.OBJ
E:\PROJECTS\SMULE\SRCHYBRID\RELEASE\PPGTWEAKS.OBJ
E:\PROJECTS\SMULE\SRCHYBRID\RELEASE\PPGWEBSERVER.OBJ
E:\PROJECTS\SMULE\SRCHYBRID\RELEASE\PPTOOLTIP.OBJ
E:\PROJECTS\SMULE\SRCHYBRID\RELEASE\PREFERENCES.OBJ
E:\PROJECTS\SMULE\SRCHYBRID\RELEASE\PREFERENCESDLG.OBJ
E:\PROJECTS\SMULE\SRCHYBRID\RELEASE\PREFS.OBJ
E:\PROJECTS\SMULE\SRCHYBRID\RELEASE\PREVIEW.OBJ
E:\PROJECTS\SMULE\SRCHYBRID\RELEASE\PREVIEWDLG.OBJ
E:\PROJECTS\SMULE\SRCHYBRID\RELEASE\PROGRESSCTRLX.OBJ
E:\PROJECTS\SMULE\SRCHYBRID\RELEASE\PSHTWIZ1.OBJ
E:\PROJECTS\SMULE\SRCHYBRID\RELEASE\QUANTIZE.OBJ
E:\PROJECTS\SMULE\SRCHYBRID\RELEASE\QUEUELISTCTRL.OBJ
E:\PROJECTS\SMULE\SRCHYBRID\RELEASE\RARFILE.OBJ
E:\PROJECTS\SMULE\SRCHYBRID\RELEASE\READWRITELOCK.OBJ
E:\PROJECTS\SMULE\SRCHYBRID\RELEASE\RICHEDITCTRLX.OBJ
E:\PROJECTS\SMULE\SRCHYBRID\RELEASE\RICHEDITSTREAM.OBJ
E:\PROJECTS\SMULE\SRCHYBRID\RELEASE\ROUTINGBIN.OBJ
E:\PROJECTS\SMULE\SRCHYBRID\RELEASE\ROUTINGZONE.OBJ
E:\PROJECTS\SMULE\SRCHYBRID\RELEASE\SAFEFILE.OBJ
E:\PROJECTS\SMULE\SRCHYBRID\RELEASE\SAFEKAD.OBJ
E:\PROJECTS\SMULE\SRCHYBRID\RELEASE\SCANNER.OBJ
E:\PROJECTS\SMULE\SRCHYBRID\RELEASE\SCHEDULER.OBJ
E:\PROJECTS\SMULE\SRCHYBRID\RELEASE\SEARCH.OBJ
E:\PROJECTS\SMULE\SRCHYBRID\RELEASE\SEARCHDLG.OBJ
E:\PROJECTS\SMULE\SRCHYBRID\RELEASE\SEARCHFILE.OBJ
E:\PROJECTS\SMULE\SRCHYBRID\RELEASE\SEARCHLIST.OBJ
E:\PROJECTS\SMULE\SRCHYBRID\RELEASE\SEARCHLISTCTRL.OBJ
E:\PROJECTS\SMULE\SRCHYBRID\RELEASE\SEARCHMANAGER.OBJ
E:\PROJECTS\SMULE\SRCHYBRID\RELEASE\SEARCHPARAMSWND.OBJ
E:\PROJECTS\SMULE\SRCHYBRID\RELEASE\SEARCHRESULTSWND.OBJ
E:\PROJECTS\SMULE\SRCHYBRID\RELEASE\SECRUNASUSER.OBJ
E:\PROJECTS\SMULE\SRCHYBRID\RELEASE\SELCATEGORYDLG.OBJ
E:\PROJECTS\SMULE\SRCHYBRID\RELEASE\SELFTEST.OBJ
E:\PROJECTS\SMULE\SRCHYBRID\RELEASE\SENDMAIL.OBJ
E:\PROJECTS\SMULE\SRCHYBRID\RELEASE\SERVER.OBJ
E:\PROJECTS\SMULE\SRCHYBRID\RELEASE\SERVERLIST.OBJ
E:\PROJECTS\SMULE\SRCHYBRID\RELEASE\SERVERLISTCTRL.OBJ
E:\PROJECTS\SMULE\SRCHYBRID\RELEASE\SERVERSOCKET.OBJ
E:\PROJECTS\SMULE\SRCHYBRID\RELEASE\SERVERWND.OBJ
E:\PROJECTS\SMULE\SRCHYBRID\RELEASE\SHA.OBJ
E:\projects\sMule\srchybrid\release\SHA_asm.obj
E:\PROJECTS\SMULE\SRCHYBRID\RELEASE\SHAHASHSET.OBJ
E:\PROJECTS\SMULE\SRCHYBRID\RELEASE\SHAREABLEFILE.OBJ
E:\PROJECTS\SMULE\SRCHYBRID\RELEASE\SHAREDDIRSTREECTRL.OBJ
E:\PROJECTS\SMULE\SRCHYBRID\RELEASE\SHAREDFILELIST.OBJ
E:\PROJECTS\SMULE\SRCHYBRID\RELEASE\SHAREDFILESCTRL.OBJ
E:\PROJECTS\SMULE\SRCHYBRID\RELEASE\SHAREDFILESWND.OBJ
E:\PROJECTS\SMULE\SRCHYBRID\RELEASE\SIMPLECLEANUP.OBJ
E:\PROJECTS\SMULE\SRCHYBRID\RELEASE\SLIDEBAR.OBJ
E:\PROJECTS\SMULE\SRCHYBRID\RELEASE\SMILEYSELECTOR.OBJ
E:\PROJECTS\SMULE\SRCHYBRID\RELEASE\SMULE.EXE
E:\PROJECTS\SMULE\SRCHYBRID\RELEASE\SMULE.EXE.INTERMEDIATE.MANIFEST
E:\projects\sMule\srchybrid\release\smule.exp
E:\projects\sMule\srchybrid\release\smule.lib
E:\PROJECTS\SMULE\SRCHYBRID\RELEASE\SMULE.PCH
E:\PROJECTS\SMULE\SRCHYBRID\RELEASE\SMULE.PDB
E:\PROJECTS\SMULE\SRCHYBRID\RELEASE\SMULE.RES
E:\PROJECTS\SMULE\SRCHYBRID\RELEASE\SOCKETS.OBJ
E:\PROJECTS\SMULE\SRCHYBRID\RELEASE\SOURCESAVER.OBJ
E:\PROJECTS\SMULE\SRCHYBRID\RELEASE\SPLASHSCREEN.OBJ
E:\PROJECTS\SMULE\SRCHYBRID\RELEASE\SPLITTERCONTROL.OBJ
E:\PROJECTS\SMULE\SRCHYBRID\RELEASE\SR13-IMPORTPARTS.OBJ
E:\PROJECTS\SMULE\SRCHYBRID\RELEASE\STATISTICFILE.OBJ
E:\PROJECTS\SMULE\SRCHYBRID\RELEASE\STATISTICS.OBJ
E:\PROJECTS\SMULE\SRCHYBRID\RELEASE\STATISTICSDLG.OBJ
E:\PROJECTS\SMULE\SRCHYBRID\RELEASE\STATISTICSTREE.OBJ
E:\PROJECTS\SMULE\SRCHYBRID\RELEASE\STDAFX.OBJ
E:\PROJECTS\SMULE\SRCHYBRID\RELEASE\STRINGCONVERSION.OBJ
E:\PROJECTS\SMULE\SRCHYBRID\RELEASE\TABCTRL.OBJ
E:\PROJECTS\SMULE\SRCHYBRID\RELEASE\TASKBARNOTIFIER.OBJ
E:\PROJECTS\SMULE\SRCHYBRID\RELEASE\TEXTTOSPEECH.OBJ
E:\PROJECTS\SMULE\SRCHYBRID\RELEASE\THREADNAME.OBJ
E:\PROJECTS\SMULE\SRCHYBRID\RELEASE\TIMETICK.OBJ
E:\PROJECTS\SMULE\SRCHYBRID\RELEASE\TITLEMENU.OBJ
E:\PROJECTS\SMULE\SRCHYBRID\RELEASE\TOOLBARCTRLX.OBJ
E:\PROJECTS\SMULE\SRCHYBRID\RELEASE\TOOLBARWND.OBJ
E:\PROJECTS\SMULE\SRCHYBRID\RELEASE\TOOLTIPCTRLX.OBJ
E:\PROJECTS\SMULE\SRCHYBRID\RELEASE\TRANSFERDLG.OBJ
E:\PROJECTS\SMULE\SRCHYBRID\RELEASE\TRANSFERWND.OBJ
E:\PROJECTS\SMULE\SRCHYBRID\RELEASE\TRAYDIALOG.OBJ
E:\PROJECTS\SMULE\SRCHYBRID\RELEASE\TRAYMENUBTN.OBJ
E:\PROJECTS\SMULE\SRCHYBRID\RELEASE\TREEOPTIONSCTRL.OBJ
E:\PROJECTS\SMULE\SRCHYBRID\RELEASE\TREEOPTIONSCTRLEX.OBJ
E:\PROJECTS\SMULE\SRCHYBRID\RELEASE\TREEPROPSHEET.OBJ
E:\PROJECTS\SMULE\SRCHYBRID\RELEASE\TREEPROPSHEETPGFRAME.OBJ
E:\PROJECTS\SMULE\SRCHYBRID\RELEASE\TREEPROPSHEETPGFRAMEDEF.OBJ
E:\PROJECTS\SMULE\SRCHYBRID\RELEASE\UDPFIREWALLTESTER.OBJ
E:\PROJECTS\SMULE\SRCHYBRID\RELEASE\UDPSOCKET.OBJ
E:\PROJECTS\SMULE\SRCHYBRID\RELEASE\UINT128.OBJ
E:\PROJECTS\SMULE\SRCHYBRID\RELEASE\UPLOADBANDWIDTHTHROTTLER.OBJ
E:\PROJECTS\SMULE\SRCHYBRID\RELEASE\UPLOADCLIENT.OBJ
E:\PROJECTS\SMULE\SRCHYBRID\RELEASE\UPLOADLISTCTRL.OBJ
E:\PROJECTS\SMULE\SRCHYBRID\RELEASE\UPLOADQUEUE.OBJ
E:\PROJECTS\SMULE\SRCHYBRID\RELEASE\UPNP_IGDCONTROLPOINT.OBJ
E:\PROJECTS\SMULE\SRCHYBRID\RELEASE\URLCLIENT.OBJ
E:\PROJECTS\SMULE\SRCHYBRID\RELEASE\VC100.PDB
E:\PROJECTS\SMULE\SRCHYBRID\RELEASE\VERSION.OBJ
E:\PROJECTS\SMULE\SRCHYBRID\RELEASE\VISUALSTYLESXP.OBJ
E:\PROJECTS\SMULE\SRCHYBRID\RELEASE\WAPSERVER.OBJ
E:\PROJECTS\SMULE\SRCHYBRID\RELEASE\WAPSOCKET.OBJ
E:\PROJECTS\SMULE\SRCHYBRID\RELEASE\WEBSERVER.OBJ
E:\PROJECTS\SMULE\SRCHYBRID\RELEASE\WEBSOCKET.OBJ
E:\PROJECTS\SMULE\SRCHYBRID\RELEASE\WIZARD.OBJ
E:\PROJECTS\SMULE\SRCHYBRID\RELEASE\XMESSAGEBOX.OBJ
E:\PROJECTS\SMULE\SRCHYBRID\RELEASE\ZIPFILE.OBJ
