e:\projects\sMule\srchybrid\CxImage\Release\cl.command.1.tlog
e:\projects\sMule\srchybrid\CxImage\Release\CL.read.1.tlog
e:\projects\sMule\srchybrid\CxImage\Release\CL.write.1.tlog
E:\PROJECTS\SMULE\SRCHYBRID\CXIMAGE\RELEASE\CXIMAGE.LIB
e:\projects\sMule\srchybrid\CxImage\Release\cximage100.vcxprojResolveAssemblyReference.cache
e:\projects\sMule\srchybrid\CxImage\Release\cximage100.write.1.tlog
e:\projects\sMule\srchybrid\CxImage\Release\lib.command.1.tlog
e:\projects\sMule\srchybrid\CxImage\Release\Lib-link.read.1.tlog
e:\projects\sMule\srchybrid\CxImage\Release\Lib-link.write.1.tlog
E:\PROJECTS\SMULE\SRCHYBRID\CXIMAGE\RELEASE\TIF_XFILE.OBJ
E:\PROJECTS\SMULE\SRCHYBRID\CXIMAGE\RELEASE\VC100.PDB
E:\PROJECTS\SMULE\SRCHYBRID\CXIMAGE\RELEASE\XIMABMP.OBJ
E:\PROJECTS\SMULE\SRCHYBRID\CXIMAGE\RELEASE\XIMADSP.OBJ
E:\PROJECTS\SMULE\SRCHYBRID\CXIMAGE\RELEASE\XIMAENC.OBJ
E:\PROJECTS\SMULE\SRCHYBRID\CXIMAGE\RELEASE\XIMAEXIF.OBJ
E:\PROJECTS\SMULE\SRCHYBRID\CXIMAGE\RELEASE\XIMAGE.OBJ
E:\PROJECTS\SMULE\SRCHYBRID\CXIMAGE\RELEASE\XIMAGIF.OBJ
E:\PROJECTS\SMULE\SRCHYBRID\CXIMAGE\RELEASE\XIMAHIST.OBJ
E:\PROJECTS\SMULE\SRCHYBRID\CXIMAGE\RELEASE\XIMAICO.OBJ
E:\PROJECTS\SMULE\SRCHYBRID\CXIMAGE\RELEASE\XIMAINFO.OBJ
E:\PROJECTS\SMULE\SRCHYBRID\CXIMAGE\RELEASE\XIMAINT.OBJ
E:\PROJECTS\SMULE\SRCHYBRID\CXIMAGE\RELEASE\XIMAJAS.OBJ
E:\PROJECTS\SMULE\SRCHYBRID\CXIMAGE\RELEASE\XIMAJBG.OBJ
E:\PROJECTS\SMULE\SRCHYBRID\CXIMAGE\RELEASE\XIMAJPG.OBJ
E:\PROJECTS\SMULE\SRCHYBRID\CXIMAGE\RELEASE\XIMALPHA.OBJ
E:\PROJECTS\SMULE\SRCHYBRID\CXIMAGE\RELEASE\XIMALYR.OBJ
E:\PROJECTS\SMULE\SRCHYBRID\CXIMAGE\RELEASE\XIMAMNG.OBJ
E:\PROJECTS\SMULE\SRCHYBRID\CXIMAGE\RELEASE\XIMAPAL.OBJ
E:\PROJECTS\SMULE\SRCHYBRID\CXIMAGE\RELEASE\XIMAPCX.OBJ
E:\PROJECTS\SMULE\SRCHYBRID\CXIMAGE\RELEASE\XIMAPNG.OBJ
E:\PROJECTS\SMULE\SRCHYBRID\CXIMAGE\RELEASE\XIMARAW.OBJ
E:\PROJECTS\SMULE\SRCHYBRID\CXIMAGE\RELEASE\XIMASEL.OBJ
E:\PROJECTS\SMULE\SRCHYBRID\CXIMAGE\RELEASE\XIMASKA.OBJ
E:\PROJECTS\SMULE\SRCHYBRID\CXIMAGE\RELEASE\XIMATGA.OBJ
E:\PROJECTS\SMULE\SRCHYBRID\CXIMAGE\RELEASE\XIMATH.OBJ
E:\PROJECTS\SMULE\SRCHYBRID\CXIMAGE\RELEASE\XIMATIF.OBJ
E:\PROJECTS\SMULE\SRCHYBRID\CXIMAGE\RELEASE\XIMATRAN.OBJ
E:\PROJECTS\SMULE\SRCHYBRID\CXIMAGE\RELEASE\XIMAWBMP.OBJ
E:\PROJECTS\SMULE\SRCHYBRID\CXIMAGE\RELEASE\XIMAWMF.OBJ
E:\PROJECTS\SMULE\SRCHYBRID\CXIMAGE\RELEASE\XIMAWND.OBJ
E:\PROJECTS\SMULE\SRCHYBRID\CXIMAGE\RELEASE\XMEMFILE.OBJ
