e:\projects\sMule\srchybrid\upnplib\win32project\.\Release\upnpLib100.lib
E:\PROJECTS\SMULE\SRCHYBRID\UPNPLIB\WIN32PROJECT\RELEASE\ATTR.OBJ
e:\projects\sMule\srchybrid\upnplib\win32project\Release\cl.command.1.tlog
e:\projects\sMule\srchybrid\upnplib\win32project\Release\CL.read.1.tlog
e:\projects\sMule\srchybrid\upnplib\win32project\Release\CL.write.1.tlog
E:\PROJECTS\SMULE\SRCHYBRID\UPNPLIB\WIN32PROJECT\RELEASE\CLIENT_TABLE.OBJ
E:\PROJECTS\SMULE\SRCHYBRID\UPNPLIB\WIN32PROJECT\RELEASE\CONFIG.OBJ
E:\PROJECTS\SMULE\SRCHYBRID\UPNPLIB\WIN32PROJECT\RELEASE\DOCUMENT.OBJ
E:\PROJECTS\SMULE\SRCHYBRID\UPNPLIB\WIN32PROJECT\RELEASE\ELEMENT.OBJ
E:\PROJECTS\SMULE\SRCHYBRID\UPNPLIB\WIN32PROJECT\RELEASE\FREELIST.OBJ
E:\PROJECTS\SMULE\SRCHYBRID\UPNPLIB\WIN32PROJECT\RELEASE\GENA_CALLBACK2.OBJ
E:\PROJECTS\SMULE\SRCHYBRID\UPNPLIB\WIN32PROJECT\RELEASE\GENA_CTRLPT.OBJ
E:\PROJECTS\SMULE\SRCHYBRID\UPNPLIB\WIN32PROJECT\RELEASE\GENA_DEVICE.OBJ
E:\PROJECTS\SMULE\SRCHYBRID\UPNPLIB\WIN32PROJECT\RELEASE\HTTPPARSER.OBJ
E:\PROJECTS\SMULE\SRCHYBRID\UPNPLIB\WIN32PROJECT\RELEASE\HTTPREADWRITE.OBJ
E:\PROJECTS\SMULE\SRCHYBRID\UPNPLIB\WIN32PROJECT\RELEASE\IASNPRINTF.OBJ
E:\PROJECTS\SMULE\SRCHYBRID\UPNPLIB\WIN32PROJECT\RELEASE\IXML.OBJ
E:\PROJECTS\SMULE\SRCHYBRID\UPNPLIB\WIN32PROJECT\RELEASE\IXMLMEMBUF.OBJ
E:\PROJECTS\SMULE\SRCHYBRID\UPNPLIB\WIN32PROJECT\RELEASE\IXMLPARSER.OBJ
e:\projects\sMule\srchybrid\upnplib\win32project\Release\lib.command.1.tlog
e:\projects\sMule\srchybrid\upnplib\win32project\Release\Lib-link.read.1.tlog
e:\projects\sMule\srchybrid\upnplib\win32project\Release\Lib-link.write.1.tlog
E:\PROJECTS\SMULE\SRCHYBRID\UPNPLIB\WIN32PROJECT\RELEASE\LINKEDLIST.OBJ
E:\PROJECTS\SMULE\SRCHYBRID\UPNPLIB\WIN32PROJECT\RELEASE\MD5.OBJ
E:\PROJECTS\SMULE\SRCHYBRID\UPNPLIB\WIN32PROJECT\RELEASE\MEMBUFFER.OBJ
E:\PROJECTS\SMULE\SRCHYBRID\UPNPLIB\WIN32PROJECT\RELEASE\MINISERVER.OBJ
E:\PROJECTS\SMULE\SRCHYBRID\UPNPLIB\WIN32PROJECT\RELEASE\NAMEDNODEMAP.OBJ
E:\PROJECTS\SMULE\SRCHYBRID\UPNPLIB\WIN32PROJECT\RELEASE\NODE.OBJ
E:\PROJECTS\SMULE\SRCHYBRID\UPNPLIB\WIN32PROJECT\RELEASE\NODELIST.OBJ
E:\PROJECTS\SMULE\SRCHYBRID\UPNPLIB\WIN32PROJECT\RELEASE\PARSETOOLS.OBJ
E:\PROJECTS\SMULE\SRCHYBRID\UPNPLIB\WIN32PROJECT\RELEASE\SERVICE_TABLE.OBJ
E:\PROJECTS\SMULE\SRCHYBRID\UPNPLIB\WIN32PROJECT\RELEASE\SOAP_CTRLPT.OBJ
E:\PROJECTS\SMULE\SRCHYBRID\UPNPLIB\WIN32PROJECT\RELEASE\SOAP_DEVICE.OBJ
E:\PROJECTS\SMULE\SRCHYBRID\UPNPLIB\WIN32PROJECT\RELEASE\SOCK.OBJ
E:\PROJECTS\SMULE\SRCHYBRID\UPNPLIB\WIN32PROJECT\RELEASE\SSDP_CTRLPT.OBJ
E:\PROJECTS\SMULE\SRCHYBRID\UPNPLIB\WIN32PROJECT\RELEASE\SSDP_DEVICE.OBJ
E:\PROJECTS\SMULE\SRCHYBRID\UPNPLIB\WIN32PROJECT\RELEASE\SSDP_SERVER.OBJ
E:\PROJECTS\SMULE\SRCHYBRID\UPNPLIB\WIN32PROJECT\RELEASE\STATCODES.OBJ
E:\PROJECTS\SMULE\SRCHYBRID\UPNPLIB\WIN32PROJECT\RELEASE\STRINTMAP.OBJ
E:\PROJECTS\SMULE\SRCHYBRID\UPNPLIB\WIN32PROJECT\RELEASE\SYSDEP.OBJ
E:\PROJECTS\SMULE\SRCHYBRID\UPNPLIB\WIN32PROJECT\RELEASE\THREADPOOL.OBJ
E:\PROJECTS\SMULE\SRCHYBRID\UPNPLIB\WIN32PROJECT\RELEASE\TIMERTHREAD.OBJ
E:\PROJECTS\SMULE\SRCHYBRID\UPNPLIB\WIN32PROJECT\RELEASE\UPNP_TIMEOUT.OBJ
E:\PROJECTS\SMULE\SRCHYBRID\UPNPLIB\WIN32PROJECT\RELEASE\UPNPAPI.OBJ
E:\PROJECTS\SMULE\SRCHYBRID\UPNPLIB\WIN32PROJECT\RELEASE\UPNPLIB.OBJ
E:\PROJECTS\SMULE\SRCHYBRID\UPNPLIB\WIN32PROJECT\RELEASE\UPNPLIB100.LIB
e:\projects\sMule\srchybrid\upnplib\win32project\Release\upnpLib100.write.1.tlog
E:\PROJECTS\SMULE\SRCHYBRID\UPNPLIB\WIN32PROJECT\RELEASE\UPNPTOOLS.OBJ
E:\PROJECTS\SMULE\SRCHYBRID\UPNPLIB\WIN32PROJECT\RELEASE\URI.OBJ
E:\PROJECTS\SMULE\SRCHYBRID\UPNPLIB\WIN32PROJECT\RELEASE\URLCONFIG.OBJ
E:\PROJECTS\SMULE\SRCHYBRID\UPNPLIB\WIN32PROJECT\RELEASE\UTIL.OBJ
E:\PROJECTS\SMULE\SRCHYBRID\UPNPLIB\WIN32PROJECT\RELEASE\UUID.OBJ
E:\PROJECTS\SMULE\SRCHYBRID\UPNPLIB\WIN32PROJECT\RELEASE\VC100.PDB
E:\PROJECTS\SMULE\SRCHYBRID\UPNPLIB\WIN32PROJECT\RELEASE\WEBSERVER.OBJ
