E:\PROJECTS\SMULE\CRYPTOPP\ADHOC.CPP.COPIED
E:\projects\sMule\srchybrid\\build\Release\cryptlib100.lib
E:\PROJECTS\SMULE\SRCHYBRID\BUILD\RELEASE\CRYPTLIB100.LIB
E:\PROJECTS\SMULE\SRCHYBRID\BUILD\RELEASE\CRYPTLIB100\3WAY.OBJ
E:\PROJECTS\SMULE\SRCHYBRID\BUILD\RELEASE\CRYPTLIB100\ADLER32.OBJ
E:\PROJECTS\SMULE\SRCHYBRID\BUILD\RELEASE\CRYPTLIB100\ALGEBRA.OBJ
E:\PROJECTS\SMULE\SRCHYBRID\BUILD\RELEASE\CRYPTLIB100\ALGPARAM.OBJ
E:\PROJECTS\SMULE\SRCHYBRID\BUILD\RELEASE\CRYPTLIB100\ARC4.OBJ
E:\PROJECTS\SMULE\SRCHYBRID\BUILD\RELEASE\CRYPTLIB100\ASN.OBJ
E:\PROJECTS\SMULE\SRCHYBRID\BUILD\RELEASE\CRYPTLIB100\AUTHENC.OBJ
E:\PROJECTS\SMULE\SRCHYBRID\BUILD\RELEASE\CRYPTLIB100\BASE32.OBJ
E:\PROJECTS\SMULE\SRCHYBRID\BUILD\RELEASE\CRYPTLIB100\BASE64.OBJ
E:\PROJECTS\SMULE\SRCHYBRID\BUILD\RELEASE\CRYPTLIB100\BASECODE.OBJ
E:\PROJECTS\SMULE\SRCHYBRID\BUILD\RELEASE\CRYPTLIB100\BFINIT.OBJ
E:\PROJECTS\SMULE\SRCHYBRID\BUILD\RELEASE\CRYPTLIB100\BLOWFISH.OBJ
E:\PROJECTS\SMULE\SRCHYBRID\BUILD\RELEASE\CRYPTLIB100\BLUMSHUB.OBJ
E:\PROJECTS\SMULE\SRCHYBRID\BUILD\RELEASE\CRYPTLIB100\CAMELLIA.OBJ
E:\PROJECTS\SMULE\SRCHYBRID\BUILD\RELEASE\CRYPTLIB100\CAST.OBJ
E:\PROJECTS\SMULE\SRCHYBRID\BUILD\RELEASE\CRYPTLIB100\CASTS.OBJ
E:\PROJECTS\SMULE\SRCHYBRID\BUILD\RELEASE\CRYPTLIB100\CBCMAC.OBJ
E:\PROJECTS\SMULE\SRCHYBRID\BUILD\RELEASE\CRYPTLIB100\CCM.OBJ
E:\PROJECTS\SMULE\SRCHYBRID\BUILD\RELEASE\CRYPTLIB100\CHANNELS.OBJ
E:\projects\sMule\srchybrid\build\Release\cryptlib100\cl.command.1.tlog
E:\projects\sMule\srchybrid\build\Release\cryptlib100\CL.read.1.tlog
E:\projects\sMule\srchybrid\build\Release\cryptlib100\CL.write.1.tlog
E:\PROJECTS\SMULE\SRCHYBRID\BUILD\RELEASE\CRYPTLIB100\CMAC.OBJ
E:\PROJECTS\SMULE\SRCHYBRID\BUILD\RELEASE\CRYPTLIB100\CPU.OBJ
E:\PROJECTS\SMULE\SRCHYBRID\BUILD\RELEASE\CRYPTLIB100\CRC.OBJ
E:\PROJECTS\SMULE\SRCHYBRID\BUILD\RELEASE\CRYPTLIB100\CRYPTLIB.OBJ
E:\PROJECTS\SMULE\SRCHYBRID\BUILD\RELEASE\CRYPTLIB100\CRYPTLIB100.PCH
E:\projects\sMule\srchybrid\build\Release\cryptlib100\cryptlib100.write.1.tlog
E:\projects\sMule\srchybrid\build\Release\cryptlib100\custombuild.command.1.tlog
E:\projects\sMule\srchybrid\build\Release\cryptlib100\custombuild.read.1.tlog
E:\projects\sMule\srchybrid\build\Release\cryptlib100\custombuild.write.1.tlog
E:\PROJECTS\SMULE\SRCHYBRID\BUILD\RELEASE\CRYPTLIB100\DEFAULT.OBJ
E:\PROJECTS\SMULE\SRCHYBRID\BUILD\RELEASE\CRYPTLIB100\DES.OBJ
E:\PROJECTS\SMULE\SRCHYBRID\BUILD\RELEASE\CRYPTLIB100\DESSP.OBJ
E:\PROJECTS\SMULE\SRCHYBRID\BUILD\RELEASE\CRYPTLIB100\DH.OBJ
E:\PROJECTS\SMULE\SRCHYBRID\BUILD\RELEASE\CRYPTLIB100\DH2.OBJ
E:\PROJECTS\SMULE\SRCHYBRID\BUILD\RELEASE\CRYPTLIB100\DLL.OBJ
E:\PROJECTS\SMULE\SRCHYBRID\BUILD\RELEASE\CRYPTLIB100\DSA.OBJ
E:\PROJECTS\SMULE\SRCHYBRID\BUILD\RELEASE\CRYPTLIB100\EC2N.OBJ
E:\PROJECTS\SMULE\SRCHYBRID\BUILD\RELEASE\CRYPTLIB100\ECP.OBJ
E:\PROJECTS\SMULE\SRCHYBRID\BUILD\RELEASE\CRYPTLIB100\ELGAMAL.OBJ
E:\PROJECTS\SMULE\SRCHYBRID\BUILD\RELEASE\CRYPTLIB100\EMSA2.OBJ
E:\PROJECTS\SMULE\SRCHYBRID\BUILD\RELEASE\CRYPTLIB100\ESIGN.OBJ
E:\PROJECTS\SMULE\SRCHYBRID\BUILD\RELEASE\CRYPTLIB100\FILES.OBJ
E:\PROJECTS\SMULE\SRCHYBRID\BUILD\RELEASE\CRYPTLIB100\FILTERS.OBJ
E:\PROJECTS\SMULE\SRCHYBRID\BUILD\RELEASE\CRYPTLIB100\FIPS140.OBJ
E:\PROJECTS\SMULE\SRCHYBRID\BUILD\RELEASE\CRYPTLIB100\FIPSTEST.OBJ
E:\PROJECTS\SMULE\SRCHYBRID\BUILD\RELEASE\CRYPTLIB100\GF2_32.OBJ
E:\PROJECTS\SMULE\SRCHYBRID\BUILD\RELEASE\CRYPTLIB100\GF256.OBJ
E:\PROJECTS\SMULE\SRCHYBRID\BUILD\RELEASE\CRYPTLIB100\GF2N.OBJ
E:\PROJECTS\SMULE\SRCHYBRID\BUILD\RELEASE\CRYPTLIB100\GFPCRYPT.OBJ
E:\PROJECTS\SMULE\SRCHYBRID\BUILD\RELEASE\CRYPTLIB100\GOST.OBJ
E:\PROJECTS\SMULE\SRCHYBRID\BUILD\RELEASE\CRYPTLIB100\GZIP.OBJ
E:\PROJECTS\SMULE\SRCHYBRID\BUILD\RELEASE\CRYPTLIB100\HEX.OBJ
E:\PROJECTS\SMULE\SRCHYBRID\BUILD\RELEASE\CRYPTLIB100\HMAC.OBJ
E:\PROJECTS\SMULE\SRCHYBRID\BUILD\RELEASE\CRYPTLIB100\HRTIMER.OBJ
E:\PROJECTS\SMULE\SRCHYBRID\BUILD\RELEASE\CRYPTLIB100\IDA.OBJ
E:\PROJECTS\SMULE\SRCHYBRID\BUILD\RELEASE\CRYPTLIB100\IDEA.OBJ
E:\PROJECTS\SMULE\SRCHYBRID\BUILD\RELEASE\CRYPTLIB100\INTEGER.OBJ
E:\PROJECTS\SMULE\SRCHYBRID\BUILD\RELEASE\CRYPTLIB100\ITERHASH.OBJ
E:\projects\sMule\srchybrid\build\Release\cryptlib100\lib.command.1.tlog
E:\projects\sMule\srchybrid\build\Release\cryptlib100\Lib-link.read.1.tlog
E:\projects\sMule\srchybrid\build\Release\cryptlib100\Lib-link.write.1.tlog
E:\PROJECTS\SMULE\SRCHYBRID\BUILD\RELEASE\CRYPTLIB100\LUC.OBJ
E:\PROJECTS\SMULE\SRCHYBRID\BUILD\RELEASE\CRYPTLIB100\MARS.OBJ
E:\PROJECTS\SMULE\SRCHYBRID\BUILD\RELEASE\CRYPTLIB100\MARSS.OBJ
E:\PROJECTS\SMULE\SRCHYBRID\BUILD\RELEASE\CRYPTLIB100\MD2.OBJ
E:\PROJECTS\SMULE\SRCHYBRID\BUILD\RELEASE\CRYPTLIB100\MD4.OBJ
E:\PROJECTS\SMULE\SRCHYBRID\BUILD\RELEASE\CRYPTLIB100\MD5.OBJ
E:\PROJECTS\SMULE\SRCHYBRID\BUILD\RELEASE\CRYPTLIB100\MISC.OBJ
E:\PROJECTS\SMULE\SRCHYBRID\BUILD\RELEASE\CRYPTLIB100\MODES.OBJ
E:\PROJECTS\SMULE\SRCHYBRID\BUILD\RELEASE\CRYPTLIB100\MQUEUE.OBJ
E:\PROJECTS\SMULE\SRCHYBRID\BUILD\RELEASE\CRYPTLIB100\MQV.OBJ
E:\PROJECTS\SMULE\SRCHYBRID\BUILD\RELEASE\CRYPTLIB100\NBTHEORY.OBJ
E:\PROJECTS\SMULE\SRCHYBRID\BUILD\RELEASE\CRYPTLIB100\NETWORK.OBJ
E:\PROJECTS\SMULE\SRCHYBRID\BUILD\RELEASE\CRYPTLIB100\OAEP.OBJ
E:\PROJECTS\SMULE\SRCHYBRID\BUILD\RELEASE\CRYPTLIB100\OSRNG.OBJ
E:\PROJECTS\SMULE\SRCHYBRID\BUILD\RELEASE\CRYPTLIB100\PANAMA.OBJ
E:\PROJECTS\SMULE\SRCHYBRID\BUILD\RELEASE\CRYPTLIB100\PCH.OBJ
E:\PROJECTS\SMULE\SRCHYBRID\BUILD\RELEASE\CRYPTLIB100\PKCSPAD.OBJ
E:\PROJECTS\SMULE\SRCHYBRID\BUILD\RELEASE\CRYPTLIB100\POLYNOMI.OBJ
E:\PROJECTS\SMULE\SRCHYBRID\BUILD\RELEASE\CRYPTLIB100\PSSR.OBJ
E:\PROJECTS\SMULE\SRCHYBRID\BUILD\RELEASE\CRYPTLIB100\PUBKEY.OBJ
E:\PROJECTS\SMULE\SRCHYBRID\BUILD\RELEASE\CRYPTLIB100\QUEUE.OBJ
E:\PROJECTS\SMULE\SRCHYBRID\BUILD\RELEASE\CRYPTLIB100\RABIN.OBJ
E:\PROJECTS\SMULE\SRCHYBRID\BUILD\RELEASE\CRYPTLIB100\RANDPOOL.OBJ
E:\PROJECTS\SMULE\SRCHYBRID\BUILD\RELEASE\CRYPTLIB100\RC2.OBJ
E:\PROJECTS\SMULE\SRCHYBRID\BUILD\RELEASE\CRYPTLIB100\RC5.OBJ
E:\PROJECTS\SMULE\SRCHYBRID\BUILD\RELEASE\CRYPTLIB100\RC6.OBJ
E:\PROJECTS\SMULE\SRCHYBRID\BUILD\RELEASE\CRYPTLIB100\RDTABLES.OBJ
E:\PROJECTS\SMULE\SRCHYBRID\BUILD\RELEASE\CRYPTLIB100\RIJNDAEL.OBJ
E:\PROJECTS\SMULE\SRCHYBRID\BUILD\RELEASE\CRYPTLIB100\RIPEMD.OBJ
E:\PROJECTS\SMULE\SRCHYBRID\BUILD\RELEASE\CRYPTLIB100\RNG.OBJ
E:\PROJECTS\SMULE\SRCHYBRID\BUILD\RELEASE\CRYPTLIB100\RSA.OBJ
E:\PROJECTS\SMULE\SRCHYBRID\BUILD\RELEASE\CRYPTLIB100\RW.OBJ
E:\PROJECTS\SMULE\SRCHYBRID\BUILD\RELEASE\CRYPTLIB100\SAFER.OBJ
E:\PROJECTS\SMULE\SRCHYBRID\BUILD\RELEASE\CRYPTLIB100\SALSA.OBJ
E:\PROJECTS\SMULE\SRCHYBRID\BUILD\RELEASE\CRYPTLIB100\SEAL.OBJ
E:\PROJECTS\SMULE\SRCHYBRID\BUILD\RELEASE\CRYPTLIB100\SEED.OBJ
E:\PROJECTS\SMULE\SRCHYBRID\BUILD\RELEASE\CRYPTLIB100\SERPENT.OBJ
E:\PROJECTS\SMULE\SRCHYBRID\BUILD\RELEASE\CRYPTLIB100\SHA.OBJ
E:\PROJECTS\SMULE\SRCHYBRID\BUILD\RELEASE\CRYPTLIB100\SHACAL2.OBJ
E:\PROJECTS\SMULE\SRCHYBRID\BUILD\RELEASE\CRYPTLIB100\SHARK.OBJ
E:\PROJECTS\SMULE\SRCHYBRID\BUILD\RELEASE\CRYPTLIB100\SHARKBOX.OBJ
E:\PROJECTS\SMULE\SRCHYBRID\BUILD\RELEASE\CRYPTLIB100\SIMPLE.OBJ
E:\PROJECTS\SMULE\SRCHYBRID\BUILD\RELEASE\CRYPTLIB100\SKIPJACK.OBJ
E:\PROJECTS\SMULE\SRCHYBRID\BUILD\RELEASE\CRYPTLIB100\SOCKETFT.OBJ
E:\PROJECTS\SMULE\SRCHYBRID\BUILD\RELEASE\CRYPTLIB100\SOSEMANUK.OBJ
E:\PROJECTS\SMULE\SRCHYBRID\BUILD\RELEASE\CRYPTLIB100\SQUARE.OBJ
E:\PROJECTS\SMULE\SRCHYBRID\BUILD\RELEASE\CRYPTLIB100\SQUARETB.OBJ
E:\PROJECTS\SMULE\SRCHYBRID\BUILD\RELEASE\CRYPTLIB100\STRCIPHR.OBJ
E:\PROJECTS\SMULE\SRCHYBRID\BUILD\RELEASE\CRYPTLIB100\TEA.OBJ
E:\PROJECTS\SMULE\SRCHYBRID\BUILD\RELEASE\CRYPTLIB100\TFTABLES.OBJ
E:\PROJECTS\SMULE\SRCHYBRID\BUILD\RELEASE\CRYPTLIB100\TIGER.OBJ
E:\PROJECTS\SMULE\SRCHYBRID\BUILD\RELEASE\CRYPTLIB100\TIGERTAB.OBJ
E:\PROJECTS\SMULE\SRCHYBRID\BUILD\RELEASE\CRYPTLIB100\TRDLOCAL.OBJ
E:\PROJECTS\SMULE\SRCHYBRID\BUILD\RELEASE\CRYPTLIB100\TTMAC.OBJ
E:\PROJECTS\SMULE\SRCHYBRID\BUILD\RELEASE\CRYPTLIB100\TWOFISH.OBJ
E:\PROJECTS\SMULE\SRCHYBRID\BUILD\RELEASE\CRYPTLIB100\VC100.PDB
E:\PROJECTS\SMULE\SRCHYBRID\BUILD\RELEASE\CRYPTLIB100\VMAC.OBJ
E:\PROJECTS\SMULE\SRCHYBRID\BUILD\RELEASE\CRYPTLIB100\WAIT.OBJ
E:\PROJECTS\SMULE\SRCHYBRID\BUILD\RELEASE\CRYPTLIB100\WAKE.OBJ
E:\PROJECTS\SMULE\SRCHYBRID\BUILD\RELEASE\CRYPTLIB100\WHRLPOOL.OBJ
E:\PROJECTS\SMULE\SRCHYBRID\BUILD\RELEASE\CRYPTLIB100\WINPIPES.OBJ
E:\PROJECTS\SMULE\SRCHYBRID\BUILD\RELEASE\CRYPTLIB100\XTR.OBJ
E:\PROJECTS\SMULE\SRCHYBRID\BUILD\RELEASE\CRYPTLIB100\XTRCRYPT.OBJ
E:\PROJECTS\SMULE\SRCHYBRID\BUILD\RELEASE\CRYPTLIB100\ZDEFLATE.OBJ
E:\PROJECTS\SMULE\SRCHYBRID\BUILD\RELEASE\CRYPTLIB100\ZINFLATE.OBJ
E:\PROJECTS\SMULE\SRCHYBRID\BUILD\RELEASE\CRYPTLIB100\ZLIB.OBJ
