E:\projects\sMule\srchybrid\\build\Release\zlib100.lib
E:\PROJECTS\SMULE\SRCHYBRID\BUILD\RELEASE\ZLIB100.LIB
E:\PROJECTS\SMULE\SRCHYBRID\BUILD\RELEASE\ZLIB100\ADLER32.OBJ
E:\projects\sMule\srchybrid\build\Release\zlib100\cl.command.1.tlog
E:\projects\sMule\srchybrid\build\Release\zlib100\CL.read.1.tlog
E:\projects\sMule\srchybrid\build\Release\zlib100\CL.write.1.tlog
E:\PROJECTS\SMULE\SRCHYBRID\BUILD\RELEASE\ZLIB100\COMPRESS.OBJ
E:\PROJECTS\SMULE\SRCHYBRID\BUILD\RELEASE\ZLIB100\CRC32.OBJ
E:\PROJECTS\SMULE\SRCHYBRID\BUILD\RELEASE\ZLIB100\DEFLATE.OBJ
E:\PROJECTS\SMULE\SRCHYBRID\BUILD\RELEASE\ZLIB100\GZCLOSE.OBJ
E:\PROJECTS\SMULE\SRCHYBRID\BUILD\RELEASE\ZLIB100\GZLIB.OBJ
E:\PROJECTS\SMULE\SRCHYBRID\BUILD\RELEASE\ZLIB100\GZREAD.OBJ
E:\PROJECTS\SMULE\SRCHYBRID\BUILD\RELEASE\ZLIB100\GZWRITE.OBJ
E:\PROJECTS\SMULE\SRCHYBRID\BUILD\RELEASE\ZLIB100\INFBACK.OBJ
E:\PROJECTS\SMULE\SRCHYBRID\BUILD\RELEASE\ZLIB100\INFFAST.OBJ
E:\PROJECTS\SMULE\SRCHYBRID\BUILD\RELEASE\ZLIB100\INFLATE.OBJ
E:\PROJECTS\SMULE\SRCHYBRID\BUILD\RELEASE\ZLIB100\INFTREES.OBJ
E:\projects\sMule\srchybrid\build\Release\zlib100\lib.command.1.tlog
E:\projects\sMule\srchybrid\build\Release\zlib100\Lib-link.read.1.tlog
E:\projects\sMule\srchybrid\build\Release\zlib100\Lib-link.write.1.tlog
E:\PROJECTS\SMULE\SRCHYBRID\BUILD\RELEASE\ZLIB100\TREES.OBJ
E:\PROJECTS\SMULE\SRCHYBRID\BUILD\RELEASE\ZLIB100\UNCOMPR.OBJ
E:\PROJECTS\SMULE\SRCHYBRID\BUILD\RELEASE\ZLIB100\VC100.PDB
E:\projects\sMule\srchybrid\build\Release\zlib100\zlib100.vcxprojResolveAssemblyReference.cache
E:\projects\sMule\srchybrid\build\Release\zlib100\zlib100.write.1.tlog
E:\PROJECTS\SMULE\SRCHYBRID\BUILD\RELEASE\ZLIB100\ZUTIL.OBJ
