Build started 7/30/2014 8:58:08 PM.
     1>Project "E:\projects\sMule\srchybrid\CxImage\cximage100.vcxproj" on node 4 (build target(s)).
     1>InitializeBuildStatus:
         Creating "debug100\cximage100.unsuccessfulbuild" because "AlwaysCreate" was specified.
       MakeDirsForCl:
         Creating directory "E:\projects\sMule\srchybrid\CxImage\.\Debug".
       ClCompile:
         C:\Program Files (x86)\Microsoft Visual Studio 10.0\VC\bin\CL.exe /c /I..\jpeg /I..\png /I..\..\zlib /I..\mng /I..\tiff /I..\j2k /I..\jasper\include /Z7 /nologo /W3 /WX- /Od /Oy- /D WIN32 /D _DEBUG /D _LIB /D JAS_WIN_MSVC_BUILD /D _CRT_SECURE_NO_WARNINGS /D _VC80_UPGRADE=0x0710 /D _UNICODE /D UNICODE /Gm- /EHa /RTC1 /MTd /GS /fp:precise /Zc:wchar_t /Zc:forScope /Fo".\Debug/" /Fd".\Debug/vc100.pdb" /Gd /TP /analyze- /errorReport:prompt tif_xfile.cpp ximabmp.cpp ximadsp.cpp ximaenc.cpp ximaexif.cpp xImage.cpp ximagif.cpp ximahist.cpp ximaico.cpp ximainfo.cpp ximaint.cpp ximajas.cpp ximajbg.cpp ximajpg.cpp ximalpha.cpp ximalyr.cpp ximamng.cpp ximapal.cpp ximapcx.cpp ximapng.cpp ximaraw.cpp ximasel.cpp ximaska.cpp ximatga.cpp ximath.cpp ximatif.cpp ximatran.cpp ximawbmp.cpp ximawmf.cpp ximawnd.cpp xmemfile.cpp
         tif_xfile.cpp
         ximabmp.cpp
         ximadsp.cpp
         ximaenc.cpp
         ximaexif.cpp
         xImage.cpp
         ximagif.cpp
         ximahist.cpp
         ximaico.cpp
         ximainfo.cpp
         ximaint.cpp
         ximajas.cpp
         ximajbg.cpp
         ximajpg.cpp
         ximalpha.cpp
         ximalyr.cpp
         ximamng.cpp
         ximapal.cpp
         ximapcx.cpp
         ximapng.cpp
         Generating Code...
         Compiling...
         ximaraw.cpp
         ximasel.cpp
         ximaska.cpp
         ximatga.cpp
         ximath.cpp
         ximatif.cpp
         ximatran.cpp
         ximawbmp.cpp
         ximawmf.cpp
         ximawnd.cpp
     1>ximawnd.cpp(1468): warning C4996: '_swprintf': swprintf has been changed to conform with the ISO C standard, adding an extra character count parameter. To use traditional Microsoft swprintf, set _CRT_NON_CONFORMING_SWPRINTFS.
                 C:\Program Files (x86)\Microsoft Visual Studio 10.0\VC\include\stdio.h(544) : see declaration of '_swprintf'
     1>ximawnd.cpp(1481): warning C4996: '_swprintf': swprintf has been changed to conform with the ISO C standard, adding an extra character count parameter. To use traditional Microsoft swprintf, set _CRT_NON_CONFORMING_SWPRINTFS.
                 C:\Program Files (x86)\Microsoft Visual Studio 10.0\VC\include\stdio.h(544) : see declaration of '_swprintf'
         xmemfile.cpp
         Generating Code...
     1>C:\Program Files (x86)\MSBuild\Microsoft.Cpp\v4.0\Microsoft.CppBuild.targets(1151,5): warning MSB8012: TargetPath(E:\projects\sMule\srchybrid\CxImage\debug100\cximage100.lib) does not match the Library's OutputFile property value (E:\projects\sMule\srchybrid\CxImage\Debug\CxImage.lib). This may cause your project to build incorrectly. To correct this, please make sure that $(OutDir), $(TargetName) and $(TargetExt) property values match the value specified in %(Lib.OutputFile).
     1>C:\Program Files (x86)\MSBuild\Microsoft.Cpp\v4.0\Microsoft.CppBuild.targets(1153,5): warning MSB8012: TargetName(cximage100) does not match the Library's OutputFile property value (CxImage). This may cause your project to build incorrectly. To correct this, please make sure that $(OutDir), $(TargetName) and $(TargetExt) property values match the value specified in %(Lib.OutputFile).
       Lib:
         C:\Program Files (x86)\Microsoft Visual Studio 10.0\VC\bin\Lib.exe /OUT:".\Debug\CxImage.lib" /NOLOGO /NODEFAULTLIB .\Debug/tif_xfile.obj
         .\Debug/ximabmp.obj
         .\Debug/ximadsp.obj
         .\Debug/ximaenc.obj
         .\Debug/ximaexif.obj
         .\Debug/xImage.obj
         .\Debug/ximagif.obj
         .\Debug/ximahist.obj
         .\Debug/ximaico.obj
         .\Debug/ximainfo.obj
         .\Debug/ximaint.obj
         .\Debug/ximajas.obj
         .\Debug/ximajbg.obj
         .\Debug/ximajpg.obj
         .\Debug/ximalpha.obj
         .\Debug/ximalyr.obj
         .\Debug/ximamng.obj
         .\Debug/ximapal.obj
         .\Debug/ximapcx.obj
         .\Debug/ximapng.obj
         .\Debug/ximaraw.obj
         .\Debug/ximasel.obj
         .\Debug/ximaska.obj
         .\Debug/ximatga.obj
         .\Debug/ximath.obj
         .\Debug/ximatif.obj
         .\Debug/ximatran.obj
         .\Debug/ximawbmp.obj
         .\Debug/ximawmf.obj
         .\Debug/ximawnd.obj
         .\Debug/xmemfile.obj
         cximage100.vcxproj -> E:\projects\sMule\srchybrid\CxImage\debug100\cximage100.lib
       FinalizeBuildStatus:
         Deleting file "debug100\cximage100.unsuccessfulbuild".
         Touching "debug100\cximage100.lastbuildstate".
     1>Done Building Project "E:\projects\sMule\srchybrid\CxImage\cximage100.vcxproj" (build target(s)).

Build succeeded.

Time Elapsed 00:00:17.19
