e:\projects\sMule\ResizableLib\Release\cl.command.1.tlog
e:\projects\sMule\ResizableLib\Release\CL.read.1.tlog
e:\projects\sMule\ResizableLib\Release\CL.write.1.tlog
e:\projects\sMule\ResizableLib\Release\lib.command.1.tlog
e:\projects\sMule\ResizableLib\Release\Lib-link.read.1.tlog
e:\projects\sMule\ResizableLib\Release\Lib-link.write.1.tlog
E:\PROJECTS\SMULE\RESIZABLELIB\RELEASE\RESIZABLEDIALOG.OBJ
E:\PROJECTS\SMULE\RESIZABLELIB\RELEASE\RESIZABLEFORMVIEW.OBJ
E:\PROJECTS\SMULE\RESIZABLELIB\RELEASE\RESIZABLEFRAME.OBJ
E:\PROJECTS\SMULE\RESIZABLELIB\RELEASE\RESIZABLEGRIP.OBJ
E:\PROJECTS\SMULE\RESIZABLELIB\RELEASE\RESIZABLELAYOUT.OBJ
E:\PROJECTS\SMULE\RESIZABLELIB\RELEASE\RESIZABLELIB.LIB
E:\PROJECTS\SMULE\RESIZABLELIB\RELEASE\RESIZABLELIB.PCH
e:\projects\sMule\ResizableLib\Release\ResizableLib100.vcxprojResolveAssemblyReference.cache
e:\projects\sMule\ResizableLib\Release\ResizableLib100.write.1.tlog
E:\PROJECTS\SMULE\RESIZABLELIB\RELEASE\RESIZABLEMDICHILD.OBJ
E:\PROJECTS\SMULE\RESIZABLELIB\RELEASE\RESIZABLEMDIFRAME.OBJ
E:\PROJECTS\SMULE\RESIZABLELIB\RELEASE\RESIZABLEMINMAX.OBJ
E:\PROJECTS\SMULE\RESIZABLELIB\RELEASE\RESIZABLEPAGE.OBJ
E:\PROJECTS\SMULE\RESIZABLELIB\RELEASE\RESIZABLEPAGEEX.OBJ
E:\PROJECTS\SMULE\RESIZABLELIB\RELEASE\RESIZABLESHEET.OBJ
E:\PROJECTS\SMULE\RESIZABLELIB\RELEASE\RESIZABLESHEETEX.OBJ
E:\PROJECTS\SMULE\RESIZABLELIB\RELEASE\RESIZABLESTATE.OBJ
E:\PROJECTS\SMULE\RESIZABLELIB\RELEASE\STDAFX.OBJ
E:\PROJECTS\SMULE\RESIZABLELIB\RELEASE\VC100.PDB
