Build started 7/30/2014 8:58:11 PM.
     1>Project "E:\projects\sMule\ReplaceVistaIcon\ReplaceVistaIcon_vc100.vcxproj" on node 4 (build target(s)).
     1>InitializeBuildStatus:
         Creating "Debug\ReplaceVistaIcon_vc100.unsuccessfulbuild" because "AlwaysCreate" was specified.
       ClCompile:
         C:\Program Files (x86)\Microsoft Visual Studio 10.0\VC\bin\CL.exe /c /ZI /nologo /W3 /WX- /Od /Oy- /D WIN32 /D _DEBUG /D _CONSOLE /D _VC80_UPGRADE=0x0710 /D _MBCS /Gm /EHsc /RTC1 /MTd /GS /fp:precise /Zc:wchar_t /Zc:forScope /Yc"StdAfx.h" /Fp"Debug\ReplaceVistaIcon_vc100.pch" /Fo"Debug\\" /Fd"Debug\vc100.pdb" /Gd /TP /analyze- /errorReport:prompt stdafx.cpp
         stdafx.cpp
         C:\Program Files (x86)\Microsoft Visual Studio 10.0\VC\bin\CL.exe /c /ZI /nologo /W3 /WX- /Od /Oy- /D WIN32 /D _DEBUG /D _CONSOLE /D _VC80_UPGRADE=0x0710 /D _MBCS /Gm /EHsc /RTC1 /MTd /GS /fp:precise /Zc:wchar_t /Zc:forScope /Yu"StdAfx.h" /Fp"Debug\ReplaceVistaIcon_vc100.pch" /Fo"Debug\\" /Fd"Debug\vc100.pdb" /Gd /TP /analyze- /errorReport:prompt SetVistaIcon.cpp
         SetVistaIcon.cpp
       ResourceCompile:
         C:\Program Files (x86)\Microsoft SDKs\Windows\v7.0A\bin\rc.exe /D _VC80_UPGRADE=0x0710 /l"0x0409" /nologo /fo"Debug\SetVistaIcon.res" SetVistaIcon.rc 
       ManifestResourceCompile:
         C:\Program Files (x86)\Microsoft SDKs\Windows\v7.0A\bin\rc.exe /nologo /fo"Debug\ReplaceVistaIcon_vc100.exe.embed.manifest.res" Debug\ReplaceVistaIcon_vc100_manifest.rc 
     1>C:\Program Files (x86)\MSBuild\Microsoft.Cpp\v4.0\Microsoft.CppBuild.targets(990,5): warning MSB8012: TargetPath(E:\projects\sMule\ReplaceVistaIcon\Debug\ReplaceVistaIcon_vc100.exe) does not match the Linker's OutputFile property value (E:\projects\sMule\ReplaceVistaIcon\Debug\ReplaceVistaIcon.exe). This may cause your project to build incorrectly. To correct this, please make sure that $(OutDir), $(TargetName) and $(TargetExt) property values match the value specified in %(Link.OutputFile).
     1>C:\Program Files (x86)\MSBuild\Microsoft.Cpp\v4.0\Microsoft.CppBuild.targets(992,5): warning MSB8012: TargetName(ReplaceVistaIcon_vc100) does not match the Linker's OutputFile property value (ReplaceVistaIcon). This may cause your project to build incorrectly. To correct this, please make sure that $(OutDir), $(TargetName) and $(TargetExt) property values match the value specified in %(Link.OutputFile).
       Link:
         C:\Program Files (x86)\Microsoft Visual Studio 10.0\VC\bin\link.exe /ERRORREPORT:PROMPT /OUT:"Debug\ReplaceVistaIcon.exe" /INCREMENTAL /NOLOGO kernel32.lib user32.lib gdi32.lib winspool.lib comdlg32.lib advapi32.lib shell32.lib ole32.lib oleaut32.lib uuid.lib odbc32.lib odbccp32.lib /MANIFEST /ManifestFile:"Debug\ReplaceVistaIcon_vc100.exe.intermediate.manifest" /MANIFESTUAC:"level='asInvoker' uiAccess='false'" /DEBUG /PDB:"Debug\ReplaceVistaIcon.pdb" /SUBSYSTEM:CONSOLE /TLBID:1 /DYNAMICBASE:NO /IMPLIB:"Debug\ReplaceVistaIcon_vc100.lib" /MACHINE:X86 Debug\SetVistaIcon.res
         Debug\ReplaceVistaIcon_vc100.exe.embed.manifest.res
         Debug\SetVistaIcon.obj
         Debug\stdafx.obj
     1>LINK : fatal error LNK1123: failure during conversion to COFF: file invalid or corrupt
     1>Done Building Project "E:\projects\sMule\ReplaceVistaIcon\ReplaceVistaIcon_vc100.vcxproj" (build target(s)) -- FAILED.

Build FAILED.

Time Elapsed 00:00:06.78
